{"numFailedTestSuites":36,"numFailedTests":161,"numPassedTestSuites":74,"numPassedTests":298,"numPendingTestSuites":0,"numPendingTests":0,"numRuntimeErrorTestSuites":0,"numTodoTests":0,"numTotalTestSuites":110,"numTotalTests":459,"openHandles":[],"snapshot":{"added":0,"didUpdate":false,"failure":false,"filesAdded":0,"filesRemoved":0,"filesRemovedList":[],"filesUnmatched":0,"filesUpdated":0,"matched":0,"total":0,"unchecked":0,"uncheckedKeysByFile":[],"unmatched":0,"updated":0},"startTime":1737421076647,"success":false,"testResults":[{"assertionResults":[{"ancestorTitles":["(lv.3)비동기-데이터-병합하기.js 테스트"],"duration":4,"failureDetails":[{"matcherResult":{"expected":[{"id":1,"name":"Alice"},{"id":2,"age":20}],"message":"\u001b[2mexpect(\u001b[22m\u001b[31mreceived\u001b[39m\u001b[2m).\u001b[22mtoEqual\u001b[2m(\u001b[22m\u001b[32mexpected\u001b[39m\u001b[2m) // deep equality\u001b[22m\n\nExpected: \u001b[32m[{\"id\": 1, \"name\": \"Alice\"}, {\"age\": 20, \"id\": 2}]\u001b[39m\nReceived: \u001b[31mundefined\u001b[39m","name":"toEqual","pass":false}}],"failureMessages":["Error: \u001b[2mexpect(\u001b[22m\u001b[31mreceived\u001b[39m\u001b[2m).\u001b[22mtoEqual\u001b[2m(\u001b[22m\u001b[32mexpected\u001b[39m\u001b[2m) // deep equality\u001b[22m\n\nExpected: \u001b[32m[{\"id\": 1, \"name\": \"Alice\"}, {\"age\": 20, \"id\": 2}]\u001b[39m\nReceived: \u001b[31mundefined\u001b[39m\n    at Object.toEqual (/Users/t2023-m0025/sparta/javascript-problem-bank/__test__do_not_edit/part2/05.응용/(lv.3)비동기-데이터-병합하기.test.js:10:20)"],"fullName":"(lv.3)비동기-데이터-병합하기.js 테스트 단일 비동기 함수에서 반환된 배열만 병합하면 동일한 결과가 나와야 한다.","invocations":1,"location":null,"numPassingAsserts":0,"retryReasons":[],"status":"failed","title":"단일 비동기 함수에서 반환된 배열만 병합하면 동일한 결과가 나와야 한다."},{"ancestorTitles":["(lv.3)비동기-데이터-병합하기.js 테스트"],"duration":0,"failureDetails":[{"matcherResult":{"expected":[{"id":1,"name":"Alice","age":25},{"id":2,"age":20},{"id":3,"gender":"F"}],"message":"\u001b[2mexpect(\u001b[22m\u001b[31mreceived\u001b[39m\u001b[2m).\u001b[22mtoEqual\u001b[2m(\u001b[22m\u001b[32mexpected\u001b[39m\u001b[2m) // deep equality\u001b[22m\n\nExpected: \u001b[32m[{\"age\": 25, \"id\": 1, \"name\": \"Alice\"}, {\"age\": 20, \"id\": 2}, {\"gender\": \"F\", \"id\": 3}]\u001b[39m\nReceived: \u001b[31mundefined\u001b[39m","name":"toEqual","pass":false}}],"failureMessages":["Error: \u001b[2mexpect(\u001b[22m\u001b[31mreceived\u001b[39m\u001b[2m).\u001b[22mtoEqual\u001b[2m(\u001b[22m\u001b[32mexpected\u001b[39m\u001b[2m) // deep equality\u001b[22m\n\nExpected: \u001b[32m[{\"age\": 25, \"id\": 1, \"name\": \"Alice\"}, {\"age\": 20, \"id\": 2}, {\"gender\": \"F\", \"id\": 3}]\u001b[39m\nReceived: \u001b[31mundefined\u001b[39m\n    at Object.toEqual (/Users/t2023-m0025/sparta/javascript-problem-bank/__test__do_not_edit/part2/05.응용/(lv.3)비동기-데이터-병합하기.test.js:26:20)"],"fullName":"(lv.3)비동기-데이터-병합하기.js 테스트 여러 비동기 함수가 반환한 객체들을 id 기준으로 병합해야 한다.","invocations":1,"location":null,"numPassingAsserts":0,"retryReasons":[],"status":"failed","title":"여러 비동기 함수가 반환한 객체들을 id 기준으로 병합해야 한다."},{"ancestorTitles":["(lv.3)비동기-데이터-병합하기.js 테스트"],"duration":1,"failureDetails":[{"matcherResult":{"expected":[{"id":1,"value":"B1"},{"id":2,"value":"A2"},{"id":3,"value":"B3"}],"message":"\u001b[2mexpect(\u001b[22m\u001b[31mreceived\u001b[39m\u001b[2m).\u001b[22mtoEqual\u001b[2m(\u001b[22m\u001b[32mexpected\u001b[39m\u001b[2m) // deep equality\u001b[22m\n\nExpected: \u001b[32m[{\"id\": 1, \"value\": \"B1\"}, {\"id\": 2, \"value\": \"A2\"}, {\"id\": 3, \"value\": \"B3\"}]\u001b[39m\nReceived: \u001b[31mundefined\u001b[39m","name":"toEqual","pass":false}}],"failureMessages":["Error: \u001b[2mexpect(\u001b[22m\u001b[31mreceived\u001b[39m\u001b[2m).\u001b[22mtoEqual\u001b[2m(\u001b[22m\u001b[32mexpected\u001b[39m\u001b[2m) // deep equality\u001b[22m\n\nExpected: \u001b[32m[{\"id\": 1, \"value\": \"B1\"}, {\"id\": 2, \"value\": \"A2\"}, {\"id\": 3, \"value\": \"B3\"}]\u001b[39m\nReceived: \u001b[31mundefined\u001b[39m\n    at Object.toEqual (/Users/t2023-m0025/sparta/javascript-problem-bank/__test__do_not_edit/part2/05.응용/(lv.3)비동기-데이터-병합하기.test.js:44:20)"],"fullName":"(lv.3)비동기-데이터-병합하기.js 테스트 나중에 도착한 데이터가 우선 덮어써야 한다.","invocations":1,"location":null,"numPassingAsserts":0,"retryReasons":[],"status":"failed","title":"나중에 도착한 데이터가 우선 덮어써야 한다."},{"ancestorTitles":["(lv.3)비동기-데이터-병합하기.js 테스트"],"duration":1,"failureDetails":[{}],"failureMessages":["TypeError: Cannot read properties of undefined (reading 'map')\n    at Object.map (/Users/t2023-m0025/sparta/javascript-problem-bank/__test__do_not_edit/part2/05.응용/(lv.3)비동기-데이터-병합하기.test.js:61:19)"],"fullName":"(lv.3)비동기-데이터-병합하기.js 테스트 최종 배열은 id 오름차순으로 정렬되어야 한다.","invocations":1,"location":null,"numPassingAsserts":0,"retryReasons":[],"status":"failed","title":"최종 배열은 id 오름차순으로 정렬되어야 한다."}],"endTime":1737421077446,"message":"\u001b[1m\u001b[31m  \u001b[1m● \u001b[22m\u001b[1m(lv.3)비동기-데이터-병합하기.js 테스트 › 단일 비동기 함수에서 반환된 배열만 병합하면 동일한 결과가 나와야 한다.\u001b[39m\u001b[22m\n\n    \u001b[2mexpect(\u001b[22m\u001b[31mreceived\u001b[39m\u001b[2m).\u001b[22mtoEqual\u001b[2m(\u001b[22m\u001b[32mexpected\u001b[39m\u001b[2m) // deep equality\u001b[22m\n\n    Expected: \u001b[32m[{\"id\": 1, \"name\": \"Alice\"}, {\"age\": 20, \"id\": 2}]\u001b[39m\n    Received: \u001b[31mundefined\u001b[39m\n\u001b[2m\u001b[22m\n\u001b[2m    \u001b[0m \u001b[90m  8 |\u001b[39m     ]\u001b[33m;\u001b[39m\u001b[22m\n\u001b[2m     \u001b[90m  9 |\u001b[39m     \u001b[36mconst\u001b[39m result \u001b[33m=\u001b[39m \u001b[36mawait\u001b[39m asyncDataMerger(fnA)\u001b[33m;\u001b[39m\u001b[22m\n\u001b[2m    \u001b[31m\u001b[1m>\u001b[22m\u001b[2m\u001b[39m\u001b[90m 10 |\u001b[39m     expect(result)\u001b[33m.\u001b[39mtoEqual([\u001b[22m\n\u001b[2m     \u001b[90m    |\u001b[39m                    \u001b[31m\u001b[1m^\u001b[22m\u001b[2m\u001b[39m\u001b[22m\n\u001b[2m     \u001b[90m 11 |\u001b[39m       { id\u001b[33m:\u001b[39m \u001b[35m1\u001b[39m\u001b[33m,\u001b[39m name\u001b[33m:\u001b[39m \u001b[32m\"Alice\"\u001b[39m }\u001b[33m,\u001b[39m\u001b[22m\n\u001b[2m     \u001b[90m 12 |\u001b[39m       { id\u001b[33m:\u001b[39m \u001b[35m2\u001b[39m\u001b[33m,\u001b[39m age\u001b[33m:\u001b[39m \u001b[35m20\u001b[39m }\u001b[33m,\u001b[39m\u001b[22m\n\u001b[2m     \u001b[90m 13 |\u001b[39m     ])\u001b[33m;\u001b[39m\u001b[0m\u001b[22m\n\u001b[2m\u001b[22m\n\u001b[2m      \u001b[2mat Object.toEqual (/Users/t2023-m0025/sparta/javascript-problem-bank/__test__do_not_edit/part2/05.응용/(lv.3)\u001b[22m\u001b[2m비동기-데이터-병합하기.test.js\u001b[2m:10:20)\u001b[22m\u001b[2m\u001b[22m\n\n\u001b[1m\u001b[31m  \u001b[1m● \u001b[22m\u001b[1m(lv.3)비동기-데이터-병합하기.js 테스트 › 여러 비동기 함수가 반환한 객체들을 id 기준으로 병합해야 한다.\u001b[39m\u001b[22m\n\n    \u001b[2mexpect(\u001b[22m\u001b[31mreceived\u001b[39m\u001b[2m).\u001b[22mtoEqual\u001b[2m(\u001b[22m\u001b[32mexpected\u001b[39m\u001b[2m) // deep equality\u001b[22m\n\n    Expected: \u001b[32m[{\"age\": 25, \"id\": 1, \"name\": \"Alice\"}, {\"age\": 20, \"id\": 2}, {\"gender\": \"F\", \"id\": 3}]\u001b[39m\n    Received: \u001b[31mundefined\u001b[39m\n\u001b[2m\u001b[22m\n\u001b[2m    \u001b[0m \u001b[90m 24 |\u001b[39m     ]\u001b[33m;\u001b[39m\u001b[22m\n\u001b[2m     \u001b[90m 25 |\u001b[39m     \u001b[36mconst\u001b[39m result \u001b[33m=\u001b[39m \u001b[36mawait\u001b[39m asyncDataMerger(fnA\u001b[33m,\u001b[39m fnB)\u001b[33m;\u001b[39m\u001b[22m\n\u001b[2m    \u001b[31m\u001b[1m>\u001b[22m\u001b[2m\u001b[39m\u001b[90m 26 |\u001b[39m     expect(result)\u001b[33m.\u001b[39mtoEqual([\u001b[22m\n\u001b[2m     \u001b[90m    |\u001b[39m                    \u001b[31m\u001b[1m^\u001b[22m\u001b[2m\u001b[39m\u001b[22m\n\u001b[2m     \u001b[90m 27 |\u001b[39m       { id\u001b[33m:\u001b[39m \u001b[35m1\u001b[39m\u001b[33m,\u001b[39m name\u001b[33m:\u001b[39m \u001b[32m\"Alice\"\u001b[39m\u001b[33m,\u001b[39m age\u001b[33m:\u001b[39m \u001b[35m25\u001b[39m }\u001b[33m,\u001b[39m\u001b[22m\n\u001b[2m     \u001b[90m 28 |\u001b[39m       { id\u001b[33m:\u001b[39m \u001b[35m2\u001b[39m\u001b[33m,\u001b[39m age\u001b[33m:\u001b[39m \u001b[35m20\u001b[39m }\u001b[33m,\u001b[39m\u001b[22m\n\u001b[2m     \u001b[90m 29 |\u001b[39m       { id\u001b[33m:\u001b[39m \u001b[35m3\u001b[39m\u001b[33m,\u001b[39m gender\u001b[33m:\u001b[39m \u001b[32m\"F\"\u001b[39m }\u001b[33m,\u001b[39m\u001b[0m\u001b[22m\n\u001b[2m\u001b[22m\n\u001b[2m      \u001b[2mat Object.toEqual (/Users/t2023-m0025/sparta/javascript-problem-bank/__test__do_not_edit/part2/05.응용/(lv.3)\u001b[22m\u001b[2m비동기-데이터-병합하기.test.js\u001b[2m:26:20)\u001b[22m\u001b[2m\u001b[22m\n\n\u001b[1m\u001b[31m  \u001b[1m● \u001b[22m\u001b[1m(lv.3)비동기-데이터-병합하기.js 테스트 › 나중에 도착한 데이터가 우선 덮어써야 한다.\u001b[39m\u001b[22m\n\n    \u001b[2mexpect(\u001b[22m\u001b[31mreceived\u001b[39m\u001b[2m).\u001b[22mtoEqual\u001b[2m(\u001b[22m\u001b[32mexpected\u001b[39m\u001b[2m) // deep equality\u001b[22m\n\n    Expected: \u001b[32m[{\"id\": 1, \"value\": \"B1\"}, {\"id\": 2, \"value\": \"A2\"}, {\"id\": 3, \"value\": \"B3\"}]\u001b[39m\n    Received: \u001b[31mundefined\u001b[39m\n\u001b[2m\u001b[22m\n\u001b[2m    \u001b[0m \u001b[90m 42 |\u001b[39m     \u001b[90m// 기대: id=1 은 B1으로 덮어씀\u001b[39m\u001b[22m\n\u001b[2m     \u001b[90m 43 |\u001b[39m     \u001b[36mconst\u001b[39m result \u001b[33m=\u001b[39m \u001b[36mawait\u001b[39m asyncDataMerger(fnA\u001b[33m,\u001b[39m fnB)\u001b[33m;\u001b[39m\u001b[22m\n\u001b[2m    \u001b[31m\u001b[1m>\u001b[22m\u001b[2m\u001b[39m\u001b[90m 44 |\u001b[39m     expect(result)\u001b[33m.\u001b[39mtoEqual([\u001b[22m\n\u001b[2m     \u001b[90m    |\u001b[39m                    \u001b[31m\u001b[1m^\u001b[22m\u001b[2m\u001b[39m\u001b[22m\n\u001b[2m     \u001b[90m 45 |\u001b[39m       { id\u001b[33m:\u001b[39m \u001b[35m1\u001b[39m\u001b[33m,\u001b[39m value\u001b[33m:\u001b[39m \u001b[32m\"B1\"\u001b[39m }\u001b[33m,\u001b[39m\u001b[22m\n\u001b[2m     \u001b[90m 46 |\u001b[39m       { id\u001b[33m:\u001b[39m \u001b[35m2\u001b[39m\u001b[33m,\u001b[39m value\u001b[33m:\u001b[39m \u001b[32m\"A2\"\u001b[39m }\u001b[33m,\u001b[39m\u001b[22m\n\u001b[2m     \u001b[90m 47 |\u001b[39m       { id\u001b[33m:\u001b[39m \u001b[35m3\u001b[39m\u001b[33m,\u001b[39m value\u001b[33m:\u001b[39m \u001b[32m\"B3\"\u001b[39m }\u001b[33m,\u001b[39m\u001b[0m\u001b[22m\n\u001b[2m\u001b[22m\n\u001b[2m      \u001b[2mat Object.toEqual (/Users/t2023-m0025/sparta/javascript-problem-bank/__test__do_not_edit/part2/05.응용/(lv.3)\u001b[22m\u001b[2m비동기-데이터-병합하기.test.js\u001b[2m:44:20)\u001b[22m\u001b[2m\u001b[22m\n\n\u001b[1m\u001b[31m  \u001b[1m● \u001b[22m\u001b[1m(lv.3)비동기-데이터-병합하기.js 테스트 › 최종 배열은 id 오름차순으로 정렬되어야 한다.\u001b[39m\u001b[22m\n\n    TypeError: Cannot read properties of undefined (reading 'map')\n\u001b[2m\u001b[22m\n\u001b[2m    \u001b[0m \u001b[90m 59 |\u001b[39m     ]\u001b[33m;\u001b[39m\u001b[22m\n\u001b[2m     \u001b[90m 60 |\u001b[39m     \u001b[36mconst\u001b[39m result \u001b[33m=\u001b[39m \u001b[36mawait\u001b[39m asyncDataMerger(fnX\u001b[33m,\u001b[39m fnY)\u001b[33m;\u001b[39m\u001b[22m\n\u001b[2m    \u001b[31m\u001b[1m>\u001b[22m\u001b[2m\u001b[39m\u001b[90m 61 |\u001b[39m     expect(result\u001b[33m.\u001b[39mmap((obj) \u001b[33m=>\u001b[39m obj\u001b[33m.\u001b[39mid))\u001b[33m.\u001b[39mtoEqual([\u001b[35m1\u001b[39m\u001b[33m,\u001b[39m \u001b[35m5\u001b[39m\u001b[33m,\u001b[39m \u001b[35m7\u001b[39m\u001b[33m,\u001b[39m \u001b[35m10\u001b[39m])\u001b[33m;\u001b[39m\u001b[22m\n\u001b[2m     \u001b[90m    |\u001b[39m                   \u001b[31m\u001b[1m^\u001b[22m\u001b[2m\u001b[39m\u001b[22m\n\u001b[2m     \u001b[90m 62 |\u001b[39m   })\u001b[33m;\u001b[39m\u001b[22m\n\u001b[2m     \u001b[90m 63 |\u001b[39m })\u001b[33m;\u001b[39m\u001b[22m\n\u001b[2m     \u001b[90m 64 |\u001b[39m\u001b[0m\u001b[22m\n\u001b[2m\u001b[22m\n\u001b[2m      \u001b[2mat Object.map (/Users/t2023-m0025/sparta/javascript-problem-bank/__test__do_not_edit/part2/05.응용/(lv.3)\u001b[22m\u001b[2m비동기-데이터-병합하기.test.js\u001b[2m:61:19)\u001b[22m\u001b[2m\u001b[22m\n","name":"/Users/t2023-m0025/sparta/javascript-problem-bank/__test__do_not_edit/part2/05.응용/(lv.3)비동기-데이터-병합하기.test.js","startTime":1737421076795,"status":"failed","summary":""},{"assertionResults":[{"ancestorTitles":["(lv.4)파일-경로-정규화.js 테스트"],"duration":6,"failureDetails":[{"matcherResult":{"expected":"/a/c","message":"\u001b[2mexpect(\u001b[22m\u001b[31mreceived\u001b[39m\u001b[2m).\u001b[22mtoBe\u001b[2m(\u001b[22m\u001b[32mexpected\u001b[39m\u001b[2m) // Object.is equality\u001b[22m\n\nExpected: \u001b[32m\"/a/c\"\u001b[39m\nReceived: \u001b[31mundefined\u001b[39m","name":"toBe","pass":false}}],"failureMessages":["Error: \u001b[2mexpect(\u001b[22m\u001b[31mreceived\u001b[39m\u001b[2m).\u001b[22mtoBe\u001b[2m(\u001b[22m\u001b[32mexpected\u001b[39m\u001b[2m) // Object.is equality\u001b[22m\n\nExpected: \u001b[32m\"/a/c\"\u001b[39m\nReceived: \u001b[31mundefined\u001b[39m\n    at Object.toBe (/Users/t2023-m0025/sparta/javascript-problem-bank/__test__do_not_edit/part2/05.응용/(lv.4)파일-경로-정규화.test.js:5:40)\n    at Promise.then.completed (/Users/t2023-m0025/sparta/javascript-problem-bank/node_modules/jest-circus/build/utils.js:298:28)\n    at new Promise (<anonymous>)\n    at callAsyncCircusFn (/Users/t2023-m0025/sparta/javascript-problem-bank/node_modules/jest-circus/build/utils.js:231:10)\n    at _callCircusTest (/Users/t2023-m0025/sparta/javascript-problem-bank/node_modules/jest-circus/build/run.js:316:40)\n    at _runTest (/Users/t2023-m0025/sparta/javascript-problem-bank/node_modules/jest-circus/build/run.js:252:3)\n    at _runTestsForDescribeBlock (/Users/t2023-m0025/sparta/javascript-problem-bank/node_modules/jest-circus/build/run.js:126:9)\n    at _runTestsForDescribeBlock (/Users/t2023-m0025/sparta/javascript-problem-bank/node_modules/jest-circus/build/run.js:121:9)\n    at run (/Users/t2023-m0025/sparta/javascript-problem-bank/node_modules/jest-circus/build/run.js:71:3)\n    at runAndTransformResultsToJestFormat (/Users/t2023-m0025/sparta/javascript-problem-bank/node_modules/jest-circus/build/legacy-code-todo-rewrite/jestAdapterInit.js:122:21)\n    at jestAdapter (/Users/t2023-m0025/sparta/javascript-problem-bank/node_modules/jest-circus/build/legacy-code-todo-rewrite/jestAdapter.js:79:19)\n    at runTestInternal (/Users/t2023-m0025/sparta/javascript-problem-bank/node_modules/jest-runner/build/runTest.js:367:16)\n    at runTest (/Users/t2023-m0025/sparta/javascript-problem-bank/node_modules/jest-runner/build/runTest.js:444:34)\n    at Object.worker (/Users/t2023-m0025/sparta/javascript-problem-bank/node_modules/jest-runner/build/testWorker.js:106:12)"],"fullName":"(lv.4)파일-경로-정규화.js 테스트 중간에 '..'가 포함되면 상위 디렉토리로 이동해야 한다.","invocations":1,"location":null,"numPassingAsserts":0,"retryReasons":[],"status":"failed","title":"중간에 '..'가 포함되면 상위 디렉토리로 이동해야 한다."},{"ancestorTitles":["(lv.4)파일-경로-정규화.js 테스트"],"duration":0,"failureDetails":[{"matcherResult":{"expected":"a/b/c/","message":"\u001b[2mexpect(\u001b[22m\u001b[31mreceived\u001b[39m\u001b[2m).\u001b[22mtoBe\u001b[2m(\u001b[22m\u001b[32mexpected\u001b[39m\u001b[2m) // Object.is equality\u001b[22m\n\nExpected: \u001b[32m\"a/b/c/\"\u001b[39m\nReceived: \u001b[31mundefined\u001b[39m","name":"toBe","pass":false}}],"failureMessages":["Error: \u001b[2mexpect(\u001b[22m\u001b[31mreceived\u001b[39m\u001b[2m).\u001b[22mtoBe\u001b[2m(\u001b[22m\u001b[32mexpected\u001b[39m\u001b[2m) // Object.is equality\u001b[22m\n\nExpected: \u001b[32m\"a/b/c/\"\u001b[39m\nReceived: \u001b[31mundefined\u001b[39m\n    at Object.toBe (/Users/t2023-m0025/sparta/javascript-problem-bank/__test__do_not_edit/part2/05.응용/(lv.4)파일-경로-정규화.test.js:10:42)\n    at Promise.then.completed (/Users/t2023-m0025/sparta/javascript-problem-bank/node_modules/jest-circus/build/utils.js:298:28)\n    at new Promise (<anonymous>)\n    at callAsyncCircusFn (/Users/t2023-m0025/sparta/javascript-problem-bank/node_modules/jest-circus/build/utils.js:231:10)\n    at _callCircusTest (/Users/t2023-m0025/sparta/javascript-problem-bank/node_modules/jest-circus/build/run.js:316:40)\n    at _runTest (/Users/t2023-m0025/sparta/javascript-problem-bank/node_modules/jest-circus/build/run.js:252:3)\n    at _runTestsForDescribeBlock (/Users/t2023-m0025/sparta/javascript-problem-bank/node_modules/jest-circus/build/run.js:126:9)\n    at _runTestsForDescribeBlock (/Users/t2023-m0025/sparta/javascript-problem-bank/node_modules/jest-circus/build/run.js:121:9)\n    at run (/Users/t2023-m0025/sparta/javascript-problem-bank/node_modules/jest-circus/build/run.js:71:3)\n    at runAndTransformResultsToJestFormat (/Users/t2023-m0025/sparta/javascript-problem-bank/node_modules/jest-circus/build/legacy-code-todo-rewrite/jestAdapterInit.js:122:21)\n    at jestAdapter (/Users/t2023-m0025/sparta/javascript-problem-bank/node_modules/jest-circus/build/legacy-code-todo-rewrite/jestAdapter.js:79:19)\n    at runTestInternal (/Users/t2023-m0025/sparta/javascript-problem-bank/node_modules/jest-runner/build/runTest.js:367:16)\n    at runTest (/Users/t2023-m0025/sparta/javascript-problem-bank/node_modules/jest-runner/build/runTest.js:444:34)\n    at Object.worker (/Users/t2023-m0025/sparta/javascript-problem-bank/node_modules/jest-runner/build/testWorker.js:106:12)"],"fullName":"(lv.4)파일-경로-정규화.js 테스트 '.'는 무시되어야 한다.","invocations":1,"location":null,"numPassingAsserts":0,"retryReasons":[],"status":"failed","title":"'.'는 무시되어야 한다."},{"ancestorTitles":["(lv.4)파일-경로-정규화.js 테스트"],"duration":1,"failureDetails":[{"matcherResult":{"expected":"/a/b/","message":"\u001b[2mexpect(\u001b[22m\u001b[31mreceived\u001b[39m\u001b[2m).\u001b[22mtoBe\u001b[2m(\u001b[22m\u001b[32mexpected\u001b[39m\u001b[2m) // Object.is equality\u001b[22m\n\nExpected: \u001b[32m\"/a/b/\"\u001b[39m\nReceived: \u001b[31mundefined\u001b[39m","name":"toBe","pass":false}}],"failureMessages":["Error: \u001b[2mexpect(\u001b[22m\u001b[31mreceived\u001b[39m\u001b[2m).\u001b[22mtoBe\u001b[2m(\u001b[22m\u001b[32mexpected\u001b[39m\u001b[2m) // Object.is equality\u001b[22m\n\nExpected: \u001b[32m\"/a/b/\"\u001b[39m\nReceived: \u001b[31mundefined\u001b[39m\n    at Object.toBe (/Users/t2023-m0025/sparta/javascript-problem-bank/__test__do_not_edit/part2/05.응용/(lv.4)파일-경로-정규화.test.js:15:43)\n    at Promise.then.completed (/Users/t2023-m0025/sparta/javascript-problem-bank/node_modules/jest-circus/build/utils.js:298:28)\n    at new Promise (<anonymous>)\n    at callAsyncCircusFn (/Users/t2023-m0025/sparta/javascript-problem-bank/node_modules/jest-circus/build/utils.js:231:10)\n    at _callCircusTest (/Users/t2023-m0025/sparta/javascript-problem-bank/node_modules/jest-circus/build/run.js:316:40)\n    at _runTest (/Users/t2023-m0025/sparta/javascript-problem-bank/node_modules/jest-circus/build/run.js:252:3)\n    at _runTestsForDescribeBlock (/Users/t2023-m0025/sparta/javascript-problem-bank/node_modules/jest-circus/build/run.js:126:9)\n    at _runTestsForDescribeBlock (/Users/t2023-m0025/sparta/javascript-problem-bank/node_modules/jest-circus/build/run.js:121:9)\n    at run (/Users/t2023-m0025/sparta/javascript-problem-bank/node_modules/jest-circus/build/run.js:71:3)\n    at runAndTransformResultsToJestFormat (/Users/t2023-m0025/sparta/javascript-problem-bank/node_modules/jest-circus/build/legacy-code-todo-rewrite/jestAdapterInit.js:122:21)\n    at jestAdapter (/Users/t2023-m0025/sparta/javascript-problem-bank/node_modules/jest-circus/build/legacy-code-todo-rewrite/jestAdapter.js:79:19)\n    at runTestInternal (/Users/t2023-m0025/sparta/javascript-problem-bank/node_modules/jest-runner/build/runTest.js:367:16)\n    at runTest (/Users/t2023-m0025/sparta/javascript-problem-bank/node_modules/jest-runner/build/runTest.js:444:34)\n    at Object.worker (/Users/t2023-m0025/sparta/javascript-problem-bank/node_modules/jest-runner/build/testWorker.js:106:12)"],"fullName":"(lv.4)파일-경로-정규화.js 테스트 중복된 '/'는 하나로 합쳐야 한다.","invocations":1,"location":null,"numPassingAsserts":0,"retryReasons":[],"status":"failed","title":"중복된 '/'는 하나로 합쳐야 한다."},{"ancestorTitles":["(lv.4)파일-경로-정규화.js 테스트"],"duration":0,"failureDetails":[{"matcherResult":{"expected":"/a/b","message":"\u001b[2mexpect(\u001b[22m\u001b[31mreceived\u001b[39m\u001b[2m).\u001b[22mtoBe\u001b[2m(\u001b[22m\u001b[32mexpected\u001b[39m\u001b[2m) // Object.is equality\u001b[22m\n\nExpected: \u001b[32m\"/a/b\"\u001b[39m\nReceived: \u001b[31mundefined\u001b[39m","name":"toBe","pass":false}}],"failureMessages":["Error: \u001b[2mexpect(\u001b[22m\u001b[31mreceived\u001b[39m\u001b[2m).\u001b[22mtoBe\u001b[2m(\u001b[22m\u001b[32mexpected\u001b[39m\u001b[2m) // Object.is equality\u001b[22m\n\nExpected: \u001b[32m\"/a/b\"\u001b[39m\nReceived: \u001b[31mundefined\u001b[39m\n    at Object.toBe (/Users/t2023-m0025/sparta/javascript-problem-bank/__test__do_not_edit/part2/05.응용/(lv.4)파일-경로-정규화.test.js:20:35)\n    at Promise.then.completed (/Users/t2023-m0025/sparta/javascript-problem-bank/node_modules/jest-circus/build/utils.js:298:28)\n    at new Promise (<anonymous>)\n    at callAsyncCircusFn (/Users/t2023-m0025/sparta/javascript-problem-bank/node_modules/jest-circus/build/utils.js:231:10)\n    at _callCircusTest (/Users/t2023-m0025/sparta/javascript-problem-bank/node_modules/jest-circus/build/run.js:316:40)\n    at _runTest (/Users/t2023-m0025/sparta/javascript-problem-bank/node_modules/jest-circus/build/run.js:252:3)\n    at _runTestsForDescribeBlock (/Users/t2023-m0025/sparta/javascript-problem-bank/node_modules/jest-circus/build/run.js:126:9)\n    at _runTestsForDescribeBlock (/Users/t2023-m0025/sparta/javascript-problem-bank/node_modules/jest-circus/build/run.js:121:9)\n    at run (/Users/t2023-m0025/sparta/javascript-problem-bank/node_modules/jest-circus/build/run.js:71:3)\n    at runAndTransformResultsToJestFormat (/Users/t2023-m0025/sparta/javascript-problem-bank/node_modules/jest-circus/build/legacy-code-todo-rewrite/jestAdapterInit.js:122:21)\n    at jestAdapter (/Users/t2023-m0025/sparta/javascript-problem-bank/node_modules/jest-circus/build/legacy-code-todo-rewrite/jestAdapter.js:79:19)\n    at runTestInternal (/Users/t2023-m0025/sparta/javascript-problem-bank/node_modules/jest-runner/build/runTest.js:367:16)\n    at runTest (/Users/t2023-m0025/sparta/javascript-problem-bank/node_modules/jest-runner/build/runTest.js:444:34)\n    at Object.worker (/Users/t2023-m0025/sparta/javascript-problem-bank/node_modules/jest-runner/build/testWorker.js:106:12)"],"fullName":"(lv.4)파일-경로-정규화.js 테스트 시작 '/'가 있으면 유지해야 한다.","invocations":1,"location":null,"numPassingAsserts":0,"retryReasons":[],"status":"failed","title":"시작 '/'가 있으면 유지해야 한다."},{"ancestorTitles":["(lv.4)파일-경로-정규화.js 테스트"],"duration":1,"failureDetails":[{"matcherResult":{"expected":"/a/b/","message":"\u001b[2mexpect(\u001b[22m\u001b[31mreceived\u001b[39m\u001b[2m).\u001b[22mtoBe\u001b[2m(\u001b[22m\u001b[32mexpected\u001b[39m\u001b[2m) // Object.is equality\u001b[22m\n\nExpected: \u001b[32m\"/a/b/\"\u001b[39m\nReceived: \u001b[31mundefined\u001b[39m","name":"toBe","pass":false}}],"failureMessages":["Error: \u001b[2mexpect(\u001b[22m\u001b[31mreceived\u001b[39m\u001b[2m).\u001b[22mtoBe\u001b[2m(\u001b[22m\u001b[32mexpected\u001b[39m\u001b[2m) // Object.is equality\u001b[22m\n\nExpected: \u001b[32m\"/a/b/\"\u001b[39m\nReceived: \u001b[31mundefined\u001b[39m\n    at Object.toBe (/Users/t2023-m0025/sparta/javascript-problem-bank/__test__do_not_edit/part2/05.응용/(lv.4)파일-경로-정규화.test.js:25:36)\n    at Promise.then.completed (/Users/t2023-m0025/sparta/javascript-problem-bank/node_modules/jest-circus/build/utils.js:298:28)\n    at new Promise (<anonymous>)\n    at callAsyncCircusFn (/Users/t2023-m0025/sparta/javascript-problem-bank/node_modules/jest-circus/build/utils.js:231:10)\n    at _callCircusTest (/Users/t2023-m0025/sparta/javascript-problem-bank/node_modules/jest-circus/build/run.js:316:40)\n    at _runTest (/Users/t2023-m0025/sparta/javascript-problem-bank/node_modules/jest-circus/build/run.js:252:3)\n    at _runTestsForDescribeBlock (/Users/t2023-m0025/sparta/javascript-problem-bank/node_modules/jest-circus/build/run.js:126:9)\n    at _runTestsForDescribeBlock (/Users/t2023-m0025/sparta/javascript-problem-bank/node_modules/jest-circus/build/run.js:121:9)\n    at run (/Users/t2023-m0025/sparta/javascript-problem-bank/node_modules/jest-circus/build/run.js:71:3)\n    at runAndTransformResultsToJestFormat (/Users/t2023-m0025/sparta/javascript-problem-bank/node_modules/jest-circus/build/legacy-code-todo-rewrite/jestAdapterInit.js:122:21)\n    at jestAdapter (/Users/t2023-m0025/sparta/javascript-problem-bank/node_modules/jest-circus/build/legacy-code-todo-rewrite/jestAdapter.js:79:19)\n    at runTestInternal (/Users/t2023-m0025/sparta/javascript-problem-bank/node_modules/jest-runner/build/runTest.js:367:16)\n    at runTest (/Users/t2023-m0025/sparta/javascript-problem-bank/node_modules/jest-runner/build/runTest.js:444:34)\n    at Object.worker (/Users/t2023-m0025/sparta/javascript-problem-bank/node_modules/jest-runner/build/testWorker.js:106:12)"],"fullName":"(lv.4)파일-경로-정규화.js 테스트 끝 '/'가 있으면 유지해야 한다 (단, 루트 '/'는 예외).","invocations":1,"location":null,"numPassingAsserts":0,"retryReasons":[],"status":"failed","title":"끝 '/'가 있으면 유지해야 한다 (단, 루트 '/'는 예외)."},{"ancestorTitles":["(lv.4)파일-경로-정규화.js 테스트"],"duration":0,"failureDetails":[{"matcherResult":{"expected":"/","message":"\u001b[2mexpect(\u001b[22m\u001b[31mreceived\u001b[39m\u001b[2m).\u001b[22mtoBe\u001b[2m(\u001b[22m\u001b[32mexpected\u001b[39m\u001b[2m) // Object.is equality\u001b[22m\n\nExpected: \u001b[32m\"/\"\u001b[39m\nReceived: \u001b[31mundefined\u001b[39m","name":"toBe","pass":false}}],"failureMessages":["Error: \u001b[2mexpect(\u001b[22m\u001b[31mreceived\u001b[39m\u001b[2m).\u001b[22mtoBe\u001b[2m(\u001b[22m\u001b[32mexpected\u001b[39m\u001b[2m) // Object.is equality\u001b[22m\n\nExpected: \u001b[32m\"/\"\u001b[39m\nReceived: \u001b[31mundefined\u001b[39m\n    at Object.toBe (/Users/t2023-m0025/sparta/javascript-problem-bank/__test__do_not_edit/part2/05.응용/(lv.4)파일-경로-정규화.test.js:33:40)\n    at Promise.then.completed (/Users/t2023-m0025/sparta/javascript-problem-bank/node_modules/jest-circus/build/utils.js:298:28)\n    at new Promise (<anonymous>)\n    at callAsyncCircusFn (/Users/t2023-m0025/sparta/javascript-problem-bank/node_modules/jest-circus/build/utils.js:231:10)\n    at _callCircusTest (/Users/t2023-m0025/sparta/javascript-problem-bank/node_modules/jest-circus/build/run.js:316:40)\n    at _runTest (/Users/t2023-m0025/sparta/javascript-problem-bank/node_modules/jest-circus/build/run.js:252:3)\n    at _runTestsForDescribeBlock (/Users/t2023-m0025/sparta/javascript-problem-bank/node_modules/jest-circus/build/run.js:126:9)\n    at _runTestsForDescribeBlock (/Users/t2023-m0025/sparta/javascript-problem-bank/node_modules/jest-circus/build/run.js:121:9)\n    at run (/Users/t2023-m0025/sparta/javascript-problem-bank/node_modules/jest-circus/build/run.js:71:3)\n    at runAndTransformResultsToJestFormat (/Users/t2023-m0025/sparta/javascript-problem-bank/node_modules/jest-circus/build/legacy-code-todo-rewrite/jestAdapterInit.js:122:21)\n    at jestAdapter (/Users/t2023-m0025/sparta/javascript-problem-bank/node_modules/jest-circus/build/legacy-code-todo-rewrite/jestAdapter.js:79:19)\n    at runTestInternal (/Users/t2023-m0025/sparta/javascript-problem-bank/node_modules/jest-runner/build/runTest.js:367:16)\n    at runTest (/Users/t2023-m0025/sparta/javascript-problem-bank/node_modules/jest-runner/build/runTest.js:444:34)\n    at Object.worker (/Users/t2023-m0025/sparta/javascript-problem-bank/node_modules/jest-runner/build/testWorker.js:106:12)"],"fullName":"(lv.4)파일-경로-정규화.js 테스트 상위 폴더를 계속 올려도 루트 이상은 처리하지 않는다 (이 예시는 현재 구현에서 무시).","invocations":1,"location":null,"numPassingAsserts":0,"retryReasons":[],"status":"failed","title":"상위 폴더를 계속 올려도 루트 이상은 처리하지 않는다 (이 예시는 현재 구현에서 무시)."}],"endTime":1737421077448,"message":"\u001b[1m\u001b[31m  \u001b[1m● \u001b[22m\u001b[1m(lv.4)파일-경로-정규화.js 테스트 › 중간에 '..'가 포함되면 상위 디렉토리로 이동해야 한다.\u001b[39m\u001b[22m\n\n    \u001b[2mexpect(\u001b[22m\u001b[31mreceived\u001b[39m\u001b[2m).\u001b[22mtoBe\u001b[2m(\u001b[22m\u001b[32mexpected\u001b[39m\u001b[2m) // Object.is equality\u001b[22m\n\n    Expected: \u001b[32m\"/a/c\"\u001b[39m\n    Received: \u001b[31mundefined\u001b[39m\n\u001b[2m\u001b[22m\n\u001b[2m    \u001b[0m \u001b[90m 3 |\u001b[39m describe(\u001b[32m\"(lv.4)파일-경로-정규화.js 테스트\"\u001b[39m\u001b[33m,\u001b[39m () \u001b[33m=>\u001b[39m {\u001b[22m\n\u001b[2m     \u001b[90m 4 |\u001b[39m   it(\u001b[32m\"중간에 '..'가 포함되면 상위 디렉토리로 이동해야 한다.\"\u001b[39m\u001b[33m,\u001b[39m () \u001b[33m=>\u001b[39m {\u001b[22m\n\u001b[2m    \u001b[31m\u001b[1m>\u001b[22m\u001b[2m\u001b[39m\u001b[90m 5 |\u001b[39m     expect(normalizePath(\u001b[32m\"/a/b/../c\"\u001b[39m))\u001b[33m.\u001b[39mtoBe(\u001b[32m\"/a/c\"\u001b[39m)\u001b[33m;\u001b[39m\u001b[22m\n\u001b[2m     \u001b[90m   |\u001b[39m                                        \u001b[31m\u001b[1m^\u001b[22m\u001b[2m\u001b[39m\u001b[22m\n\u001b[2m     \u001b[90m 6 |\u001b[39m     expect(normalizePath(\u001b[32m\"/a/../../b\"\u001b[39m))\u001b[33m.\u001b[39mtoBe(\u001b[32m\"/b\"\u001b[39m)\u001b[33m;\u001b[39m\u001b[22m\n\u001b[2m     \u001b[90m 7 |\u001b[39m   })\u001b[33m;\u001b[39m\u001b[22m\n\u001b[2m     \u001b[90m 8 |\u001b[39m\u001b[0m\u001b[22m\n\u001b[2m\u001b[22m\n\u001b[2m      \u001b[2mat Object.toBe (/Users/t2023-m0025/sparta/javascript-problem-bank/__test__do_not_edit/part2/05.응용/(lv.4)\u001b[22m\u001b[2m파일-경로-정규화.test.js\u001b[2m:5:40)\u001b[22m\u001b[2m\u001b[22m\n\n\u001b[1m\u001b[31m  \u001b[1m● \u001b[22m\u001b[1m(lv.4)파일-경로-정규화.js 테스트 › '.'는 무시되어야 한다.\u001b[39m\u001b[22m\n\n    \u001b[2mexpect(\u001b[22m\u001b[31mreceived\u001b[39m\u001b[2m).\u001b[22mtoBe\u001b[2m(\u001b[22m\u001b[32mexpected\u001b[39m\u001b[2m) // Object.is equality\u001b[22m\n\n    Expected: \u001b[32m\"a/b/c/\"\u001b[39m\n    Received: \u001b[31mundefined\u001b[39m\n\u001b[2m\u001b[22m\n\u001b[2m    \u001b[0m \u001b[90m  8 |\u001b[39m\u001b[22m\n\u001b[2m     \u001b[90m  9 |\u001b[39m   it(\u001b[32m\"'.'는 무시되어야 한다.\"\u001b[39m\u001b[33m,\u001b[39m () \u001b[33m=>\u001b[39m {\u001b[22m\n\u001b[2m    \u001b[31m\u001b[1m>\u001b[22m\u001b[2m\u001b[39m\u001b[90m 10 |\u001b[39m     expect(normalizePath(\u001b[32m\"./a//b/./c/\"\u001b[39m))\u001b[33m.\u001b[39mtoBe(\u001b[32m\"a/b/c/\"\u001b[39m)\u001b[33m;\u001b[39m\u001b[22m\n\u001b[2m     \u001b[90m    |\u001b[39m                                          \u001b[31m\u001b[1m^\u001b[22m\u001b[2m\u001b[39m\u001b[22m\n\u001b[2m     \u001b[90m 11 |\u001b[39m     expect(normalizePath(\u001b[32m\"/./\"\u001b[39m))\u001b[33m.\u001b[39mtoBe(\u001b[32m\"/\"\u001b[39m)\u001b[33m;\u001b[39m\u001b[22m\n\u001b[2m     \u001b[90m 12 |\u001b[39m   })\u001b[33m;\u001b[39m\u001b[22m\n\u001b[2m     \u001b[90m 13 |\u001b[39m\u001b[0m\u001b[22m\n\u001b[2m\u001b[22m\n\u001b[2m      \u001b[2mat Object.toBe (/Users/t2023-m0025/sparta/javascript-problem-bank/__test__do_not_edit/part2/05.응용/(lv.4)\u001b[22m\u001b[2m파일-경로-정규화.test.js\u001b[2m:10:42)\u001b[22m\u001b[2m\u001b[22m\n\n\u001b[1m\u001b[31m  \u001b[1m● \u001b[22m\u001b[1m(lv.4)파일-경로-정규화.js 테스트 › 중복된 '/'는 하나로 합쳐야 한다.\u001b[39m\u001b[22m\n\n    \u001b[2mexpect(\u001b[22m\u001b[31mreceived\u001b[39m\u001b[2m).\u001b[22mtoBe\u001b[2m(\u001b[22m\u001b[32mexpected\u001b[39m\u001b[2m) // Object.is equality\u001b[22m\n\n    Expected: \u001b[32m\"/a/b/\"\u001b[39m\n    Received: \u001b[31mundefined\u001b[39m\n\u001b[2m\u001b[22m\n\u001b[2m    \u001b[0m \u001b[90m 13 |\u001b[39m\u001b[22m\n\u001b[2m     \u001b[90m 14 |\u001b[39m   it(\u001b[32m\"중복된 '/'는 하나로 합쳐야 한다.\"\u001b[39m\u001b[33m,\u001b[39m () \u001b[33m=>\u001b[39m {\u001b[22m\n\u001b[2m    \u001b[31m\u001b[1m>\u001b[22m\u001b[2m\u001b[39m\u001b[90m 15 |\u001b[39m     expect(normalizePath(\u001b[32m\"///a////b///\"\u001b[39m))\u001b[33m.\u001b[39mtoBe(\u001b[32m\"/a/b/\"\u001b[39m)\u001b[33m;\u001b[39m\u001b[22m\n\u001b[2m     \u001b[90m    |\u001b[39m                                           \u001b[31m\u001b[1m^\u001b[22m\u001b[2m\u001b[39m\u001b[22m\n\u001b[2m     \u001b[90m 16 |\u001b[39m     expect(normalizePath(\u001b[32m\"////\"\u001b[39m))\u001b[33m.\u001b[39mtoBe(\u001b[32m\"/\"\u001b[39m)\u001b[33m;\u001b[39m\u001b[22m\n\u001b[2m     \u001b[90m 17 |\u001b[39m   })\u001b[33m;\u001b[39m\u001b[22m\n\u001b[2m     \u001b[90m 18 |\u001b[39m\u001b[0m\u001b[22m\n\u001b[2m\u001b[22m\n\u001b[2m      \u001b[2mat Object.toBe (/Users/t2023-m0025/sparta/javascript-problem-bank/__test__do_not_edit/part2/05.응용/(lv.4)\u001b[22m\u001b[2m파일-경로-정규화.test.js\u001b[2m:15:43)\u001b[22m\u001b[2m\u001b[22m\n\n\u001b[1m\u001b[31m  \u001b[1m● \u001b[22m\u001b[1m(lv.4)파일-경로-정규화.js 테스트 › 시작 '/'가 있으면 유지해야 한다.\u001b[39m\u001b[22m\n\n    \u001b[2mexpect(\u001b[22m\u001b[31mreceived\u001b[39m\u001b[2m).\u001b[22mtoBe\u001b[2m(\u001b[22m\u001b[32mexpected\u001b[39m\u001b[2m) // Object.is equality\u001b[22m\n\n    Expected: \u001b[32m\"/a/b\"\u001b[39m\n    Received: \u001b[31mundefined\u001b[39m\n\u001b[2m\u001b[22m\n\u001b[2m    \u001b[0m \u001b[90m 18 |\u001b[39m\u001b[22m\n\u001b[2m     \u001b[90m 19 |\u001b[39m   it(\u001b[32m\"시작 '/'가 있으면 유지해야 한다.\"\u001b[39m\u001b[33m,\u001b[39m () \u001b[33m=>\u001b[39m {\u001b[22m\n\u001b[2m    \u001b[31m\u001b[1m>\u001b[22m\u001b[2m\u001b[39m\u001b[90m 20 |\u001b[39m     expect(normalizePath(\u001b[32m\"/a/b\"\u001b[39m))\u001b[33m.\u001b[39mtoBe(\u001b[32m\"/a/b\"\u001b[39m)\u001b[33m;\u001b[39m\u001b[22m\n\u001b[2m     \u001b[90m    |\u001b[39m                                   \u001b[31m\u001b[1m^\u001b[22m\u001b[2m\u001b[39m\u001b[22m\n\u001b[2m     \u001b[90m 21 |\u001b[39m     expect(normalizePath(\u001b[32m\"/\"\u001b[39m))\u001b[33m.\u001b[39mtoBe(\u001b[32m\"/\"\u001b[39m)\u001b[33m;\u001b[39m\u001b[22m\n\u001b[2m     \u001b[90m 22 |\u001b[39m   })\u001b[33m;\u001b[39m\u001b[22m\n\u001b[2m     \u001b[90m 23 |\u001b[39m\u001b[0m\u001b[22m\n\u001b[2m\u001b[22m\n\u001b[2m      \u001b[2mat Object.toBe (/Users/t2023-m0025/sparta/javascript-problem-bank/__test__do_not_edit/part2/05.응용/(lv.4)\u001b[22m\u001b[2m파일-경로-정규화.test.js\u001b[2m:20:35)\u001b[22m\u001b[2m\u001b[22m\n\n\u001b[1m\u001b[31m  \u001b[1m● \u001b[22m\u001b[1m(lv.4)파일-경로-정규화.js 테스트 › 끝 '/'가 있으면 유지해야 한다 (단, 루트 '/'는 예외).\u001b[39m\u001b[22m\n\n    \u001b[2mexpect(\u001b[22m\u001b[31mreceived\u001b[39m\u001b[2m).\u001b[22mtoBe\u001b[2m(\u001b[22m\u001b[32mexpected\u001b[39m\u001b[2m) // Object.is equality\u001b[22m\n\n    Expected: \u001b[32m\"/a/b/\"\u001b[39m\n    Received: \u001b[31mundefined\u001b[39m\n\u001b[2m\u001b[22m\n\u001b[2m    \u001b[0m \u001b[90m 23 |\u001b[39m\u001b[22m\n\u001b[2m     \u001b[90m 24 |\u001b[39m   it(\u001b[32m\"끝 '/'가 있으면 유지해야 한다 (단, 루트 '/'는 예외).\"\u001b[39m\u001b[33m,\u001b[39m () \u001b[33m=>\u001b[39m {\u001b[22m\n\u001b[2m    \u001b[31m\u001b[1m>\u001b[22m\u001b[2m\u001b[39m\u001b[90m 25 |\u001b[39m     expect(normalizePath(\u001b[32m\"/a/b/\"\u001b[39m))\u001b[33m.\u001b[39mtoBe(\u001b[32m\"/a/b/\"\u001b[39m)\u001b[33m;\u001b[39m\u001b[22m\n\u001b[2m     \u001b[90m    |\u001b[39m                                    \u001b[31m\u001b[1m^\u001b[22m\u001b[2m\u001b[39m\u001b[22m\n\u001b[2m     \u001b[90m 26 |\u001b[39m     expect(normalizePath(\u001b[32m\"a/b/\"\u001b[39m))\u001b[33m.\u001b[39mtoBe(\u001b[32m\"a/b/\"\u001b[39m)\u001b[33m;\u001b[39m\u001b[22m\n\u001b[2m     \u001b[90m 27 |\u001b[39m     \u001b[90m// 루트 \"/\"는 이미 끝, 그대로 \"/\"\u001b[39m\u001b[22m\n\u001b[2m     \u001b[90m 28 |\u001b[39m     expect(normalizePath(\u001b[32m\"/./\"\u001b[39m))\u001b[33m.\u001b[39mtoBe(\u001b[32m\"/\"\u001b[39m)\u001b[33m;\u001b[39m\u001b[0m\u001b[22m\n\u001b[2m\u001b[22m\n\u001b[2m      \u001b[2mat Object.toBe (/Users/t2023-m0025/sparta/javascript-problem-bank/__test__do_not_edit/part2/05.응용/(lv.4)\u001b[22m\u001b[2m파일-경로-정규화.test.js\u001b[2m:25:36)\u001b[22m\u001b[2m\u001b[22m\n\n\u001b[1m\u001b[31m  \u001b[1m● \u001b[22m\u001b[1m(lv.4)파일-경로-정규화.js 테스트 › 상위 폴더를 계속 올려도 루트 이상은 처리하지 않는다 (이 예시는 현재 구현에서 무시).\u001b[39m\u001b[22m\n\n    \u001b[2mexpect(\u001b[22m\u001b[31mreceived\u001b[39m\u001b[2m).\u001b[22mtoBe\u001b[2m(\u001b[22m\u001b[32mexpected\u001b[39m\u001b[2m) // Object.is equality\u001b[22m\n\n    Expected: \u001b[32m\"/\"\u001b[39m\n    Received: \u001b[31mundefined\u001b[39m\n\u001b[2m\u001b[22m\n\u001b[2m    \u001b[0m \u001b[90m 31 |\u001b[39m   it(\u001b[32m\"상위 폴더를 계속 올려도 루트 이상은 처리하지 않는다 (이 예시는 현재 구현에서 무시).\"\u001b[39m\u001b[33m,\u001b[39m () \u001b[33m=>\u001b[39m {\u001b[22m\n\u001b[2m     \u001b[90m 32 |\u001b[39m     \u001b[90m// 예: \"/../../..\" -> \"/\"\u001b[39m\u001b[22m\n\u001b[2m    \u001b[31m\u001b[1m>\u001b[22m\u001b[2m\u001b[39m\u001b[90m 33 |\u001b[39m     expect(normalizePath(\u001b[32m\"/../../..\"\u001b[39m))\u001b[33m.\u001b[39mtoBe(\u001b[32m\"/\"\u001b[39m)\u001b[33m;\u001b[39m\u001b[22m\n\u001b[2m     \u001b[90m    |\u001b[39m                                        \u001b[31m\u001b[1m^\u001b[22m\u001b[2m\u001b[39m\u001b[22m\n\u001b[2m     \u001b[90m 34 |\u001b[39m   })\u001b[33m;\u001b[39m\u001b[22m\n\u001b[2m     \u001b[90m 35 |\u001b[39m })\u001b[33m;\u001b[39m\u001b[22m\n\u001b[2m     \u001b[90m 36 |\u001b[39m\u001b[0m\u001b[22m\n\u001b[2m\u001b[22m\n\u001b[2m      \u001b[2mat Object.toBe (/Users/t2023-m0025/sparta/javascript-problem-bank/__test__do_not_edit/part2/05.응용/(lv.4)\u001b[22m\u001b[2m파일-경로-정규화.test.js\u001b[2m:33:40)\u001b[22m\u001b[2m\u001b[22m\n","name":"/Users/t2023-m0025/sparta/javascript-problem-bank/__test__do_not_edit/part2/05.응용/(lv.4)파일-경로-정규화.test.js","startTime":1737421076796,"status":"failed","summary":""},{"assertionResults":[{"ancestorTitles":["(lv.3)Map과 Set 활용하기.js 테스트"],"duration":5,"failureDetails":[{}],"failureMessages":["TypeError: Cannot read properties of undefined (reading 'getUserActions')\n    at Object.getUserActions (/Users/t2023-m0025/sparta/javascript-problem-bank/__test__do_not_edit/part2/01.객체/(lv.3)Map-Set-활용하기.test.js:6:19)\n    at Promise.then.completed (/Users/t2023-m0025/sparta/javascript-problem-bank/node_modules/jest-circus/build/utils.js:298:28)\n    at new Promise (<anonymous>)\n    at callAsyncCircusFn (/Users/t2023-m0025/sparta/javascript-problem-bank/node_modules/jest-circus/build/utils.js:231:10)\n    at _callCircusTest (/Users/t2023-m0025/sparta/javascript-problem-bank/node_modules/jest-circus/build/run.js:316:40)\n    at _runTest (/Users/t2023-m0025/sparta/javascript-problem-bank/node_modules/jest-circus/build/run.js:252:3)\n    at _runTestsForDescribeBlock (/Users/t2023-m0025/sparta/javascript-problem-bank/node_modules/jest-circus/build/run.js:126:9)\n    at _runTestsForDescribeBlock (/Users/t2023-m0025/sparta/javascript-problem-bank/node_modules/jest-circus/build/run.js:121:9)\n    at run (/Users/t2023-m0025/sparta/javascript-problem-bank/node_modules/jest-circus/build/run.js:71:3)\n    at runAndTransformResultsToJestFormat (/Users/t2023-m0025/sparta/javascript-problem-bank/node_modules/jest-circus/build/legacy-code-todo-rewrite/jestAdapterInit.js:122:21)\n    at jestAdapter (/Users/t2023-m0025/sparta/javascript-problem-bank/node_modules/jest-circus/build/legacy-code-todo-rewrite/jestAdapter.js:79:19)\n    at runTestInternal (/Users/t2023-m0025/sparta/javascript-problem-bank/node_modules/jest-runner/build/runTest.js:367:16)\n    at runTest (/Users/t2023-m0025/sparta/javascript-problem-bank/node_modules/jest-runner/build/runTest.js:444:34)\n    at Object.worker (/Users/t2023-m0025/sparta/javascript-problem-bank/node_modules/jest-runner/build/testWorker.js:106:12)"],"fullName":"(lv.3)Map과 Set 활용하기.js 테스트 새로 생성하면 userLogs는 비어 있어야 한다.","invocations":1,"location":null,"numPassingAsserts":0,"retryReasons":[],"status":"failed","title":"새로 생성하면 userLogs는 비어 있어야 한다."},{"ancestorTitles":["(lv.3)Map과 Set 활용하기.js 테스트"],"duration":0,"failureDetails":[{}],"failureMessages":["TypeError: Cannot read properties of undefined (reading 'recordUserAction')\n    at Object.recordUserAction (/Users/t2023-m0025/sparta/javascript-problem-bank/__test__do_not_edit/part2/01.객체/(lv.3)Map-Set-활용하기.test.js:11:12)\n    at Promise.then.completed (/Users/t2023-m0025/sparta/javascript-problem-bank/node_modules/jest-circus/build/utils.js:298:28)\n    at new Promise (<anonymous>)\n    at callAsyncCircusFn (/Users/t2023-m0025/sparta/javascript-problem-bank/node_modules/jest-circus/build/utils.js:231:10)\n    at _callCircusTest (/Users/t2023-m0025/sparta/javascript-problem-bank/node_modules/jest-circus/build/run.js:316:40)\n    at _runTest (/Users/t2023-m0025/sparta/javascript-problem-bank/node_modules/jest-circus/build/run.js:252:3)\n    at _runTestsForDescribeBlock (/Users/t2023-m0025/sparta/javascript-problem-bank/node_modules/jest-circus/build/run.js:126:9)\n    at _runTestsForDescribeBlock (/Users/t2023-m0025/sparta/javascript-problem-bank/node_modules/jest-circus/build/run.js:121:9)\n    at run (/Users/t2023-m0025/sparta/javascript-problem-bank/node_modules/jest-circus/build/run.js:71:3)\n    at runAndTransformResultsToJestFormat (/Users/t2023-m0025/sparta/javascript-problem-bank/node_modules/jest-circus/build/legacy-code-todo-rewrite/jestAdapterInit.js:122:21)\n    at jestAdapter (/Users/t2023-m0025/sparta/javascript-problem-bank/node_modules/jest-circus/build/legacy-code-todo-rewrite/jestAdapter.js:79:19)\n    at runTestInternal (/Users/t2023-m0025/sparta/javascript-problem-bank/node_modules/jest-runner/build/runTest.js:367:16)\n    at runTest (/Users/t2023-m0025/sparta/javascript-problem-bank/node_modules/jest-runner/build/runTest.js:444:34)\n    at Object.worker (/Users/t2023-m0025/sparta/javascript-problem-bank/node_modules/jest-runner/build/testWorker.js:106:12)"],"fullName":"(lv.3)Map과 Set 활용하기.js 테스트 recordUserAction을 호출하면 해당 userId에 액션이 저장되어야 한다.","invocations":1,"location":null,"numPassingAsserts":0,"retryReasons":[],"status":"failed","title":"recordUserAction을 호출하면 해당 userId에 액션이 저장되어야 한다."},{"ancestorTitles":["(lv.3)Map과 Set 활용하기.js 테스트"],"duration":0,"failureDetails":[{}],"failureMessages":["TypeError: Cannot read properties of undefined (reading 'recordUserAction')\n    at Object.recordUserAction (/Users/t2023-m0025/sparta/javascript-problem-bank/__test__do_not_edit/part2/01.객체/(lv.3)Map-Set-활용하기.test.js:17:12)\n    at Promise.then.completed (/Users/t2023-m0025/sparta/javascript-problem-bank/node_modules/jest-circus/build/utils.js:298:28)\n    at new Promise (<anonymous>)\n    at callAsyncCircusFn (/Users/t2023-m0025/sparta/javascript-problem-bank/node_modules/jest-circus/build/utils.js:231:10)\n    at _callCircusTest (/Users/t2023-m0025/sparta/javascript-problem-bank/node_modules/jest-circus/build/run.js:316:40)\n    at _runTest (/Users/t2023-m0025/sparta/javascript-problem-bank/node_modules/jest-circus/build/run.js:252:3)\n    at _runTestsForDescribeBlock (/Users/t2023-m0025/sparta/javascript-problem-bank/node_modules/jest-circus/build/run.js:126:9)\n    at _runTestsForDescribeBlock (/Users/t2023-m0025/sparta/javascript-problem-bank/node_modules/jest-circus/build/run.js:121:9)\n    at run (/Users/t2023-m0025/sparta/javascript-problem-bank/node_modules/jest-circus/build/run.js:71:3)\n    at runAndTransformResultsToJestFormat (/Users/t2023-m0025/sparta/javascript-problem-bank/node_modules/jest-circus/build/legacy-code-todo-rewrite/jestAdapterInit.js:122:21)\n    at jestAdapter (/Users/t2023-m0025/sparta/javascript-problem-bank/node_modules/jest-circus/build/legacy-code-todo-rewrite/jestAdapter.js:79:19)\n    at runTestInternal (/Users/t2023-m0025/sparta/javascript-problem-bank/node_modules/jest-runner/build/runTest.js:367:16)\n    at runTest (/Users/t2023-m0025/sparta/javascript-problem-bank/node_modules/jest-runner/build/runTest.js:444:34)\n    at Object.worker (/Users/t2023-m0025/sparta/javascript-problem-bank/node_modules/jest-runner/build/testWorker.js:106:12)"],"fullName":"(lv.3)Map과 Set 활용하기.js 테스트 동일 userId로 여러 액션을 기록하면 모두 저장되어야 한다.","invocations":1,"location":null,"numPassingAsserts":0,"retryReasons":[],"status":"failed","title":"동일 userId로 여러 액션을 기록하면 모두 저장되어야 한다."},{"ancestorTitles":["(lv.3)Map과 Set 활용하기.js 테스트"],"duration":0,"failureDetails":[{}],"failureMessages":["TypeError: Cannot read properties of undefined (reading 'recordUserAction')\n    at Object.recordUserAction (/Users/t2023-m0025/sparta/javascript-problem-bank/__test__do_not_edit/part2/01.객체/(lv.3)Map-Set-활용하기.test.js:29:12)\n    at Promise.then.completed (/Users/t2023-m0025/sparta/javascript-problem-bank/node_modules/jest-circus/build/utils.js:298:28)\n    at new Promise (<anonymous>)\n    at callAsyncCircusFn (/Users/t2023-m0025/sparta/javascript-problem-bank/node_modules/jest-circus/build/utils.js:231:10)\n    at _callCircusTest (/Users/t2023-m0025/sparta/javascript-problem-bank/node_modules/jest-circus/build/run.js:316:40)\n    at _runTest (/Users/t2023-m0025/sparta/javascript-problem-bank/node_modules/jest-circus/build/run.js:252:3)\n    at _runTestsForDescribeBlock (/Users/t2023-m0025/sparta/javascript-problem-bank/node_modules/jest-circus/build/run.js:126:9)\n    at _runTestsForDescribeBlock (/Users/t2023-m0025/sparta/javascript-problem-bank/node_modules/jest-circus/build/run.js:121:9)\n    at run (/Users/t2023-m0025/sparta/javascript-problem-bank/node_modules/jest-circus/build/run.js:71:3)\n    at runAndTransformResultsToJestFormat (/Users/t2023-m0025/sparta/javascript-problem-bank/node_modules/jest-circus/build/legacy-code-todo-rewrite/jestAdapterInit.js:122:21)\n    at jestAdapter (/Users/t2023-m0025/sparta/javascript-problem-bank/node_modules/jest-circus/build/legacy-code-todo-rewrite/jestAdapter.js:79:19)\n    at runTestInternal (/Users/t2023-m0025/sparta/javascript-problem-bank/node_modules/jest-runner/build/runTest.js:367:16)\n    at runTest (/Users/t2023-m0025/sparta/javascript-problem-bank/node_modules/jest-runner/build/runTest.js:444:34)\n    at Object.worker (/Users/t2023-m0025/sparta/javascript-problem-bank/node_modules/jest-runner/build/testWorker.js:106:12)"],"fullName":"(lv.3)Map과 Set 활용하기.js 테스트 같은 액션을 중복으로 추가해도 Set을 사용하므로 중복없이 저장되어야 한다.","invocations":1,"location":null,"numPassingAsserts":0,"retryReasons":[],"status":"failed","title":"같은 액션을 중복으로 추가해도 Set을 사용하므로 중복없이 저장되어야 한다."},{"ancestorTitles":["(lv.3)Map과 Set 활용하기.js 테스트"],"duration":1,"failureDetails":[{}],"failureMessages":["TypeError: Cannot read properties of undefined (reading 'getUserActions')\n    at Object.getUserActions (/Users/t2023-m0025/sparta/javascript-problem-bank/__test__do_not_edit/part2/01.객체/(lv.3)Map-Set-활용하기.test.js:37:19)\n    at Promise.then.completed (/Users/t2023-m0025/sparta/javascript-problem-bank/node_modules/jest-circus/build/utils.js:298:28)\n    at new Promise (<anonymous>)\n    at callAsyncCircusFn (/Users/t2023-m0025/sparta/javascript-problem-bank/node_modules/jest-circus/build/utils.js:231:10)\n    at _callCircusTest (/Users/t2023-m0025/sparta/javascript-problem-bank/node_modules/jest-circus/build/run.js:316:40)\n    at _runTest (/Users/t2023-m0025/sparta/javascript-problem-bank/node_modules/jest-circus/build/run.js:252:3)\n    at _runTestsForDescribeBlock (/Users/t2023-m0025/sparta/javascript-problem-bank/node_modules/jest-circus/build/run.js:126:9)\n    at _runTestsForDescribeBlock (/Users/t2023-m0025/sparta/javascript-problem-bank/node_modules/jest-circus/build/run.js:121:9)\n    at run (/Users/t2023-m0025/sparta/javascript-problem-bank/node_modules/jest-circus/build/run.js:71:3)\n    at runAndTransformResultsToJestFormat (/Users/t2023-m0025/sparta/javascript-problem-bank/node_modules/jest-circus/build/legacy-code-todo-rewrite/jestAdapterInit.js:122:21)\n    at jestAdapter (/Users/t2023-m0025/sparta/javascript-problem-bank/node_modules/jest-circus/build/legacy-code-todo-rewrite/jestAdapter.js:79:19)\n    at runTestInternal (/Users/t2023-m0025/sparta/javascript-problem-bank/node_modules/jest-runner/build/runTest.js:367:16)\n    at runTest (/Users/t2023-m0025/sparta/javascript-problem-bank/node_modules/jest-runner/build/runTest.js:444:34)\n    at Object.worker (/Users/t2023-m0025/sparta/javascript-problem-bank/node_modules/jest-runner/build/testWorker.js:106:12)"],"fullName":"(lv.3)Map과 Set 활용하기.js 테스트 존재하지 않는 userId를 getUserActions하면 빈 배열을 반환해야 한다.","invocations":1,"location":null,"numPassingAsserts":0,"retryReasons":[],"status":"failed","title":"존재하지 않는 userId를 getUserActions하면 빈 배열을 반환해야 한다."}],"endTime":1737421077448,"message":"\u001b[1m\u001b[31m  \u001b[1m● \u001b[22m\u001b[1m(lv.3)Map과 Set 활용하기.js 테스트 › 새로 생성하면 userLogs는 비어 있어야 한다.\u001b[39m\u001b[22m\n\n    TypeError: Cannot read properties of undefined (reading 'getUserActions')\n\u001b[2m\u001b[22m\n\u001b[2m    \u001b[0m \u001b[90m 4 |\u001b[39m   it(\u001b[32m\"새로 생성하면 userLogs는 비어 있어야 한다.\"\u001b[39m\u001b[33m,\u001b[39m () \u001b[33m=>\u001b[39m {\u001b[22m\n\u001b[2m     \u001b[90m 5 |\u001b[39m     \u001b[36mconst\u001b[39m logger \u001b[33m=\u001b[39m createUserLogger()\u001b[33m;\u001b[39m\u001b[22m\n\u001b[2m    \u001b[31m\u001b[1m>\u001b[22m\u001b[2m\u001b[39m\u001b[90m 6 |\u001b[39m     expect(logger\u001b[33m.\u001b[39mgetUserActions(\u001b[32m\"nonExistent\"\u001b[39m))\u001b[33m.\u001b[39mtoEqual([])\u001b[33m;\u001b[39m\u001b[22m\n\u001b[2m     \u001b[90m   |\u001b[39m                   \u001b[31m\u001b[1m^\u001b[22m\u001b[2m\u001b[39m\u001b[22m\n\u001b[2m     \u001b[90m 7 |\u001b[39m   })\u001b[33m;\u001b[39m\u001b[22m\n\u001b[2m     \u001b[90m 8 |\u001b[39m\u001b[22m\n\u001b[2m     \u001b[90m 9 |\u001b[39m   it(\u001b[32m\"recordUserAction을 호출하면 해당 userId에 액션이 저장되어야 한다.\"\u001b[39m\u001b[33m,\u001b[39m () \u001b[33m=>\u001b[39m {\u001b[0m\u001b[22m\n\u001b[2m\u001b[22m\n\u001b[2m      \u001b[2mat Object.getUserActions (/Users/t2023-m0025/sparta/javascript-problem-bank/__test__do_not_edit/part2/01.객체/(lv.3)\u001b[22m\u001b[2mMap-Set-활용하기.test.js\u001b[2m:6:19)\u001b[22m\u001b[2m\u001b[22m\n\n\u001b[1m\u001b[31m  \u001b[1m● \u001b[22m\u001b[1m(lv.3)Map과 Set 활용하기.js 테스트 › recordUserAction을 호출하면 해당 userId에 액션이 저장되어야 한다.\u001b[39m\u001b[22m\n\n    TypeError: Cannot read properties of undefined (reading 'recordUserAction')\n\u001b[2m\u001b[22m\n\u001b[2m    \u001b[0m \u001b[90m  9 |\u001b[39m   it(\u001b[32m\"recordUserAction을 호출하면 해당 userId에 액션이 저장되어야 한다.\"\u001b[39m\u001b[33m,\u001b[39m () \u001b[33m=>\u001b[39m {\u001b[22m\n\u001b[2m     \u001b[90m 10 |\u001b[39m     \u001b[36mconst\u001b[39m logger \u001b[33m=\u001b[39m createUserLogger()\u001b[33m;\u001b[39m\u001b[22m\n\u001b[2m    \u001b[31m\u001b[1m>\u001b[22m\u001b[2m\u001b[39m\u001b[90m 11 |\u001b[39m     logger\u001b[33m.\u001b[39mrecordUserAction(\u001b[32m\"abc123\"\u001b[39m\u001b[33m,\u001b[39m \u001b[32m\"login\"\u001b[39m)\u001b[33m;\u001b[39m\u001b[22m\n\u001b[2m     \u001b[90m    |\u001b[39m            \u001b[31m\u001b[1m^\u001b[22m\u001b[2m\u001b[39m\u001b[22m\n\u001b[2m     \u001b[90m 12 |\u001b[39m     expect(logger\u001b[33m.\u001b[39mgetUserActions(\u001b[32m\"abc123\"\u001b[39m))\u001b[33m.\u001b[39mtoEqual([\u001b[32m\"login\"\u001b[39m])\u001b[33m;\u001b[39m\u001b[22m\n\u001b[2m     \u001b[90m 13 |\u001b[39m   })\u001b[33m;\u001b[39m\u001b[22m\n\u001b[2m     \u001b[90m 14 |\u001b[39m\u001b[0m\u001b[22m\n\u001b[2m\u001b[22m\n\u001b[2m      \u001b[2mat Object.recordUserAction (/Users/t2023-m0025/sparta/javascript-problem-bank/__test__do_not_edit/part2/01.객체/(lv.3)\u001b[22m\u001b[2mMap-Set-활용하기.test.js\u001b[2m:11:12)\u001b[22m\u001b[2m\u001b[22m\n\n\u001b[1m\u001b[31m  \u001b[1m● \u001b[22m\u001b[1m(lv.3)Map과 Set 활용하기.js 테스트 › 동일 userId로 여러 액션을 기록하면 모두 저장되어야 한다.\u001b[39m\u001b[22m\n\n    TypeError: Cannot read properties of undefined (reading 'recordUserAction')\n\u001b[2m\u001b[22m\n\u001b[2m    \u001b[0m \u001b[90m 15 |\u001b[39m   it(\u001b[32m\"동일 userId로 여러 액션을 기록하면 모두 저장되어야 한다.\"\u001b[39m\u001b[33m,\u001b[39m () \u001b[33m=>\u001b[39m {\u001b[22m\n\u001b[2m     \u001b[90m 16 |\u001b[39m     \u001b[36mconst\u001b[39m logger \u001b[33m=\u001b[39m createUserLogger()\u001b[33m;\u001b[39m\u001b[22m\n\u001b[2m    \u001b[31m\u001b[1m>\u001b[22m\u001b[2m\u001b[39m\u001b[90m 17 |\u001b[39m     logger\u001b[33m.\u001b[39mrecordUserAction(\u001b[32m\"userX\"\u001b[39m\u001b[33m,\u001b[39m \u001b[32m\"action1\"\u001b[39m)\u001b[33m;\u001b[39m\u001b[22m\n\u001b[2m     \u001b[90m    |\u001b[39m            \u001b[31m\u001b[1m^\u001b[22m\u001b[2m\u001b[39m\u001b[22m\n\u001b[2m     \u001b[90m 18 |\u001b[39m     logger\u001b[33m.\u001b[39mrecordUserAction(\u001b[32m\"userX\"\u001b[39m\u001b[33m,\u001b[39m \u001b[32m\"action2\"\u001b[39m)\u001b[33m;\u001b[39m\u001b[22m\n\u001b[2m     \u001b[90m 19 |\u001b[39m     logger\u001b[33m.\u001b[39mrecordUserAction(\u001b[32m\"userX\"\u001b[39m\u001b[33m,\u001b[39m \u001b[32m\"action3\"\u001b[39m)\u001b[33m;\u001b[39m\u001b[22m\n\u001b[2m     \u001b[90m 20 |\u001b[39m     expect(logger\u001b[33m.\u001b[39mgetUserActions(\u001b[32m\"userX\"\u001b[39m))\u001b[33m.\u001b[39mtoEqual([\u001b[0m\u001b[22m\n\u001b[2m\u001b[22m\n\u001b[2m      \u001b[2mat Object.recordUserAction (/Users/t2023-m0025/sparta/javascript-problem-bank/__test__do_not_edit/part2/01.객체/(lv.3)\u001b[22m\u001b[2mMap-Set-활용하기.test.js\u001b[2m:17:12)\u001b[22m\u001b[2m\u001b[22m\n\n\u001b[1m\u001b[31m  \u001b[1m● \u001b[22m\u001b[1m(lv.3)Map과 Set 활용하기.js 테스트 › 같은 액션을 중복으로 추가해도 Set을 사용하므로 중복없이 저장되어야 한다.\u001b[39m\u001b[22m\n\n    TypeError: Cannot read properties of undefined (reading 'recordUserAction')\n\u001b[2m\u001b[22m\n\u001b[2m    \u001b[0m \u001b[90m 27 |\u001b[39m   it(\u001b[32m\"같은 액션을 중복으로 추가해도 Set을 사용하므로 중복없이 저장되어야 한다.\"\u001b[39m\u001b[33m,\u001b[39m () \u001b[33m=>\u001b[39m {\u001b[22m\n\u001b[2m     \u001b[90m 28 |\u001b[39m     \u001b[36mconst\u001b[39m logger \u001b[33m=\u001b[39m createUserLogger()\u001b[33m;\u001b[39m\u001b[22m\n\u001b[2m    \u001b[31m\u001b[1m>\u001b[22m\u001b[2m\u001b[39m\u001b[90m 29 |\u001b[39m     logger\u001b[33m.\u001b[39mrecordUserAction(\u001b[32m\"testUser\"\u001b[39m\u001b[33m,\u001b[39m \u001b[32m\"login\"\u001b[39m)\u001b[33m;\u001b[39m\u001b[22m\n\u001b[2m     \u001b[90m    |\u001b[39m            \u001b[31m\u001b[1m^\u001b[22m\u001b[2m\u001b[39m\u001b[22m\n\u001b[2m     \u001b[90m 30 |\u001b[39m     logger\u001b[33m.\u001b[39mrecordUserAction(\u001b[32m\"testUser\"\u001b[39m\u001b[33m,\u001b[39m \u001b[32m\"login\"\u001b[39m)\u001b[33m;\u001b[39m\u001b[22m\n\u001b[2m     \u001b[90m 31 |\u001b[39m     logger\u001b[33m.\u001b[39mrecordUserAction(\u001b[32m\"testUser\"\u001b[39m\u001b[33m,\u001b[39m \u001b[32m\"logout\"\u001b[39m)\u001b[33m;\u001b[39m\u001b[22m\n\u001b[2m     \u001b[90m 32 |\u001b[39m     expect(logger\u001b[33m.\u001b[39mgetUserActions(\u001b[32m\"testUser\"\u001b[39m))\u001b[33m.\u001b[39mtoEqual([\u001b[32m\"login\"\u001b[39m\u001b[33m,\u001b[39m \u001b[32m\"logout\"\u001b[39m])\u001b[33m;\u001b[39m\u001b[0m\u001b[22m\n\u001b[2m\u001b[22m\n\u001b[2m      \u001b[2mat Object.recordUserAction (/Users/t2023-m0025/sparta/javascript-problem-bank/__test__do_not_edit/part2/01.객체/(lv.3)\u001b[22m\u001b[2mMap-Set-활용하기.test.js\u001b[2m:29:12)\u001b[22m\u001b[2m\u001b[22m\n\n\u001b[1m\u001b[31m  \u001b[1m● \u001b[22m\u001b[1m(lv.3)Map과 Set 활용하기.js 테스트 › 존재하지 않는 userId를 getUserActions하면 빈 배열을 반환해야 한다.\u001b[39m\u001b[22m\n\n    TypeError: Cannot read properties of undefined (reading 'getUserActions')\n\u001b[2m\u001b[22m\n\u001b[2m    \u001b[0m \u001b[90m 35 |\u001b[39m   it(\u001b[32m\"존재하지 않는 userId를 getUserActions하면 빈 배열을 반환해야 한다.\"\u001b[39m\u001b[33m,\u001b[39m () \u001b[33m=>\u001b[39m {\u001b[22m\n\u001b[2m     \u001b[90m 36 |\u001b[39m     \u001b[36mconst\u001b[39m logger \u001b[33m=\u001b[39m createUserLogger()\u001b[33m;\u001b[39m\u001b[22m\n\u001b[2m    \u001b[31m\u001b[1m>\u001b[22m\u001b[2m\u001b[39m\u001b[90m 37 |\u001b[39m     expect(logger\u001b[33m.\u001b[39mgetUserActions(\u001b[32m\"neverLogged\"\u001b[39m))\u001b[33m.\u001b[39mtoEqual([])\u001b[33m;\u001b[39m\u001b[22m\n\u001b[2m     \u001b[90m    |\u001b[39m                   \u001b[31m\u001b[1m^\u001b[22m\u001b[2m\u001b[39m\u001b[22m\n\u001b[2m     \u001b[90m 38 |\u001b[39m   })\u001b[33m;\u001b[39m\u001b[22m\n\u001b[2m     \u001b[90m 39 |\u001b[39m })\u001b[33m;\u001b[39m\u001b[22m\n\u001b[2m     \u001b[90m 40 |\u001b[39m\u001b[0m\u001b[22m\n\u001b[2m\u001b[22m\n\u001b[2m      \u001b[2mat Object.getUserActions (/Users/t2023-m0025/sparta/javascript-problem-bank/__test__do_not_edit/part2/01.객체/(lv.3)\u001b[22m\u001b[2mMap-Set-활용하기.test.js\u001b[2m:37:19)\u001b[22m\u001b[2m\u001b[22m\n","name":"/Users/t2023-m0025/sparta/javascript-problem-bank/__test__do_not_edit/part2/01.객체/(lv.3)Map-Set-활용하기.test.js","startTime":1737421076795,"status":"failed","summary":""},{"assertionResults":[{"ancestorTitles":["(lv.3)날짜-포맷팅-하기.js 테스트"],"duration":3,"failureDetails":[{"matcherResult":{"expected":"2021년 01월 01일 10시 01분","message":"\u001b[2mexpect(\u001b[22m\u001b[31mreceived\u001b[39m\u001b[2m).\u001b[22mtoBe\u001b[2m(\u001b[22m\u001b[32mexpected\u001b[39m\u001b[2m) // Object.is equality\u001b[22m\n\nExpected: \u001b[32m\"2021년 01월 01일 10시 01분\"\u001b[39m\nReceived: \u001b[31mundefined\u001b[39m","name":"toBe","pass":false}}],"failureMessages":["Error: \u001b[2mexpect(\u001b[22m\u001b[31mreceived\u001b[39m\u001b[2m).\u001b[22mtoBe\u001b[2m(\u001b[22m\u001b[32mexpected\u001b[39m\u001b[2m) // Object.is equality\u001b[22m\n\nExpected: \u001b[32m\"2021년 01월 01일 10시 01분\"\u001b[39m\nReceived: \u001b[31mundefined\u001b[39m\n    at Object.toBe (/Users/t2023-m0025/sparta/javascript-problem-bank/__test__do_not_edit/part2/05.응용/(lv.3)날짜-포맷팅-하기.test.js:7:20)\n    at Promise.then.completed (/Users/t2023-m0025/sparta/javascript-problem-bank/node_modules/jest-circus/build/utils.js:298:28)\n    at new Promise (<anonymous>)\n    at callAsyncCircusFn (/Users/t2023-m0025/sparta/javascript-problem-bank/node_modules/jest-circus/build/utils.js:231:10)\n    at _callCircusTest (/Users/t2023-m0025/sparta/javascript-problem-bank/node_modules/jest-circus/build/run.js:316:40)\n    at _runTest (/Users/t2023-m0025/sparta/javascript-problem-bank/node_modules/jest-circus/build/run.js:252:3)\n    at _runTestsForDescribeBlock (/Users/t2023-m0025/sparta/javascript-problem-bank/node_modules/jest-circus/build/run.js:126:9)\n    at _runTestsForDescribeBlock (/Users/t2023-m0025/sparta/javascript-problem-bank/node_modules/jest-circus/build/run.js:121:9)\n    at run (/Users/t2023-m0025/sparta/javascript-problem-bank/node_modules/jest-circus/build/run.js:71:3)\n    at runAndTransformResultsToJestFormat (/Users/t2023-m0025/sparta/javascript-problem-bank/node_modules/jest-circus/build/legacy-code-todo-rewrite/jestAdapterInit.js:122:21)\n    at jestAdapter (/Users/t2023-m0025/sparta/javascript-problem-bank/node_modules/jest-circus/build/legacy-code-todo-rewrite/jestAdapter.js:79:19)\n    at runTestInternal (/Users/t2023-m0025/sparta/javascript-problem-bank/node_modules/jest-runner/build/runTest.js:367:16)\n    at runTest (/Users/t2023-m0025/sparta/javascript-problem-bank/node_modules/jest-runner/build/runTest.js:444:34)\n    at Object.worker (/Users/t2023-m0025/sparta/javascript-problem-bank/node_modules/jest-runner/build/testWorker.js:106:12)"],"fullName":"(lv.3)날짜-포맷팅-하기.js 테스트 Date 객체를 'YYYY년 MM월 DD일 HH시 mm분' 형태로 포맷해야 한다.","invocations":1,"location":null,"numPassingAsserts":0,"retryReasons":[],"status":"failed","title":"Date 객체를 'YYYY년 MM월 DD일 HH시 mm분' 형태로 포맷해야 한다."},{"ancestorTitles":["(lv.3)날짜-포맷팅-하기.js 테스트"],"duration":2,"failureDetails":[{"matcherResult":{"expected":"2021년 01월 01일 01시 05분","message":"\u001b[2mexpect(\u001b[22m\u001b[31mreceived\u001b[39m\u001b[2m).\u001b[22mtoBe\u001b[2m(\u001b[22m\u001b[32mexpected\u001b[39m\u001b[2m) // Object.is equality\u001b[22m\n\nExpected: \u001b[32m\"2021년 01월 01일 01시 05분\"\u001b[39m\nReceived: \u001b[31mundefined\u001b[39m","name":"toBe","pass":false}}],"failureMessages":["Error: \u001b[2mexpect(\u001b[22m\u001b[31mreceived\u001b[39m\u001b[2m).\u001b[22mtoBe\u001b[2m(\u001b[22m\u001b[32mexpected\u001b[39m\u001b[2m) // Object.is equality\u001b[22m\n\nExpected: \u001b[32m\"2021년 01월 01일 01시 05분\"\u001b[39m\nReceived: \u001b[31mundefined\u001b[39m\n    at Object.toBe (/Users/t2023-m0025/sparta/javascript-problem-bank/__test__do_not_edit/part2/05.응용/(lv.3)날짜-포맷팅-하기.test.js:13:20)\n    at Promise.then.completed (/Users/t2023-m0025/sparta/javascript-problem-bank/node_modules/jest-circus/build/utils.js:298:28)\n    at new Promise (<anonymous>)\n    at callAsyncCircusFn (/Users/t2023-m0025/sparta/javascript-problem-bank/node_modules/jest-circus/build/utils.js:231:10)\n    at _callCircusTest (/Users/t2023-m0025/sparta/javascript-problem-bank/node_modules/jest-circus/build/run.js:316:40)\n    at _runTest (/Users/t2023-m0025/sparta/javascript-problem-bank/node_modules/jest-circus/build/run.js:252:3)\n    at _runTestsForDescribeBlock (/Users/t2023-m0025/sparta/javascript-problem-bank/node_modules/jest-circus/build/run.js:126:9)\n    at _runTestsForDescribeBlock (/Users/t2023-m0025/sparta/javascript-problem-bank/node_modules/jest-circus/build/run.js:121:9)\n    at run (/Users/t2023-m0025/sparta/javascript-problem-bank/node_modules/jest-circus/build/run.js:71:3)\n    at runAndTransformResultsToJestFormat (/Users/t2023-m0025/sparta/javascript-problem-bank/node_modules/jest-circus/build/legacy-code-todo-rewrite/jestAdapterInit.js:122:21)\n    at jestAdapter (/Users/t2023-m0025/sparta/javascript-problem-bank/node_modules/jest-circus/build/legacy-code-todo-rewrite/jestAdapter.js:79:19)\n    at runTestInternal (/Users/t2023-m0025/sparta/javascript-problem-bank/node_modules/jest-runner/build/runTest.js:367:16)\n    at runTest (/Users/t2023-m0025/sparta/javascript-problem-bank/node_modules/jest-runner/build/runTest.js:444:34)\n    at Object.worker (/Users/t2023-m0025/sparta/javascript-problem-bank/node_modules/jest-runner/build/testWorker.js:106:12)"],"fullName":"(lv.3)날짜-포맷팅-하기.js 테스트 한 자리 수 월, 일, 시, 분은 0을 붙여야 한다.","invocations":1,"location":null,"numPassingAsserts":0,"retryReasons":[],"status":"failed","title":"한 자리 수 월, 일, 시, 분은 0을 붙여야 한다."},{"ancestorTitles":["(lv.3)날짜-포맷팅-하기.js 테스트"],"duration":1,"failureDetails":[{"matcherResult":{"expected":"2021년 10월 12일 15시 45분","message":"\u001b[2mexpect(\u001b[22m\u001b[31mreceived\u001b[39m\u001b[2m).\u001b[22mtoBe\u001b[2m(\u001b[22m\u001b[32mexpected\u001b[39m\u001b[2m) // Object.is equality\u001b[22m\n\nExpected: \u001b[32m\"2021년 10월 12일 15시 45분\"\u001b[39m\nReceived: \u001b[31mundefined\u001b[39m","name":"toBe","pass":false}}],"failureMessages":["Error: \u001b[2mexpect(\u001b[22m\u001b[31mreceived\u001b[39m\u001b[2m).\u001b[22mtoBe\u001b[2m(\u001b[22m\u001b[32mexpected\u001b[39m\u001b[2m) // Object.is equality\u001b[22m\n\nExpected: \u001b[32m\"2021년 10월 12일 15시 45분\"\u001b[39m\nReceived: \u001b[31mundefined\u001b[39m\n    at Object.toBe (/Users/t2023-m0025/sparta/javascript-problem-bank/__test__do_not_edit/part2/05.응용/(lv.3)날짜-포맷팅-하기.test.js:20:20)\n    at Promise.then.completed (/Users/t2023-m0025/sparta/javascript-problem-bank/node_modules/jest-circus/build/utils.js:298:28)\n    at new Promise (<anonymous>)\n    at callAsyncCircusFn (/Users/t2023-m0025/sparta/javascript-problem-bank/node_modules/jest-circus/build/utils.js:231:10)\n    at _callCircusTest (/Users/t2023-m0025/sparta/javascript-problem-bank/node_modules/jest-circus/build/run.js:316:40)\n    at _runTest (/Users/t2023-m0025/sparta/javascript-problem-bank/node_modules/jest-circus/build/run.js:252:3)\n    at _runTestsForDescribeBlock (/Users/t2023-m0025/sparta/javascript-problem-bank/node_modules/jest-circus/build/run.js:126:9)\n    at _runTestsForDescribeBlock (/Users/t2023-m0025/sparta/javascript-problem-bank/node_modules/jest-circus/build/run.js:121:9)\n    at run (/Users/t2023-m0025/sparta/javascript-problem-bank/node_modules/jest-circus/build/run.js:71:3)\n    at runAndTransformResultsToJestFormat (/Users/t2023-m0025/sparta/javascript-problem-bank/node_modules/jest-circus/build/legacy-code-todo-rewrite/jestAdapterInit.js:122:21)\n    at jestAdapter (/Users/t2023-m0025/sparta/javascript-problem-bank/node_modules/jest-circus/build/legacy-code-todo-rewrite/jestAdapter.js:79:19)\n    at runTestInternal (/Users/t2023-m0025/sparta/javascript-problem-bank/node_modules/jest-runner/build/runTest.js:367:16)\n    at runTest (/Users/t2023-m0025/sparta/javascript-problem-bank/node_modules/jest-runner/build/runTest.js:444:34)\n    at Object.worker (/Users/t2023-m0025/sparta/javascript-problem-bank/node_modules/jest-runner/build/testWorker.js:106:12)"],"fullName":"(lv.3)날짜-포맷팅-하기.js 테스트 연도, 월, 일, 시, 분이 모두 두 자리 이상인 경우에도 정상 작동해야 한다.","invocations":1,"location":null,"numPassingAsserts":0,"retryReasons":[],"status":"failed","title":"연도, 월, 일, 시, 분이 모두 두 자리 이상인 경우에도 정상 작동해야 한다."},{"ancestorTitles":["(lv.3)날짜-포맷팅-하기.js 테스트"],"duration":0,"failureDetails":[{"matcherResult":{"expected":"2021년 12월 25일 23시 59분","message":"\u001b[2mexpect(\u001b[22m\u001b[31mreceived\u001b[39m\u001b[2m).\u001b[22mtoBe\u001b[2m(\u001b[22m\u001b[32mexpected\u001b[39m\u001b[2m) // Object.is equality\u001b[22m\n\nExpected: \u001b[32m\"2021년 12월 25일 23시 59분\"\u001b[39m\nReceived: \u001b[31mundefined\u001b[39m","name":"toBe","pass":false}}],"failureMessages":["Error: \u001b[2mexpect(\u001b[22m\u001b[31mreceived\u001b[39m\u001b[2m).\u001b[22mtoBe\u001b[2m(\u001b[22m\u001b[32mexpected\u001b[39m\u001b[2m) // Object.is equality\u001b[22m\n\nExpected: \u001b[32m\"2021년 12월 25일 23시 59분\"\u001b[39m\nReceived: \u001b[31mundefined\u001b[39m\n    at Object.toBe (/Users/t2023-m0025/sparta/javascript-problem-bank/__test__do_not_edit/part2/05.응용/(lv.3)날짜-포맷팅-하기.test.js:27:20)\n    at Promise.then.completed (/Users/t2023-m0025/sparta/javascript-problem-bank/node_modules/jest-circus/build/utils.js:298:28)\n    at new Promise (<anonymous>)\n    at callAsyncCircusFn (/Users/t2023-m0025/sparta/javascript-problem-bank/node_modules/jest-circus/build/utils.js:231:10)\n    at _callCircusTest (/Users/t2023-m0025/sparta/javascript-problem-bank/node_modules/jest-circus/build/run.js:316:40)\n    at _runTest (/Users/t2023-m0025/sparta/javascript-problem-bank/node_modules/jest-circus/build/run.js:252:3)\n    at _runTestsForDescribeBlock (/Users/t2023-m0025/sparta/javascript-problem-bank/node_modules/jest-circus/build/run.js:126:9)\n    at _runTestsForDescribeBlock (/Users/t2023-m0025/sparta/javascript-problem-bank/node_modules/jest-circus/build/run.js:121:9)\n    at run (/Users/t2023-m0025/sparta/javascript-problem-bank/node_modules/jest-circus/build/run.js:71:3)\n    at runAndTransformResultsToJestFormat (/Users/t2023-m0025/sparta/javascript-problem-bank/node_modules/jest-circus/build/legacy-code-todo-rewrite/jestAdapterInit.js:122:21)\n    at jestAdapter (/Users/t2023-m0025/sparta/javascript-problem-bank/node_modules/jest-circus/build/legacy-code-todo-rewrite/jestAdapter.js:79:19)\n    at runTestInternal (/Users/t2023-m0025/sparta/javascript-problem-bank/node_modules/jest-runner/build/runTest.js:367:16)\n    at runTest (/Users/t2023-m0025/sparta/javascript-problem-bank/node_modules/jest-runner/build/runTest.js:444:34)\n    at Object.worker (/Users/t2023-m0025/sparta/javascript-problem-bank/node_modules/jest-runner/build/testWorker.js:106:12)"],"fullName":"(lv.3)날짜-포맷팅-하기.js 테스트 월이 12월, 시가 23시(두 자리) 등 경계값도 테스트한다.","invocations":1,"location":null,"numPassingAsserts":0,"retryReasons":[],"status":"failed","title":"월이 12월, 시가 23시(두 자리) 등 경계값도 테스트한다."}],"endTime":1737421077477,"message":"\u001b[1m\u001b[31m  \u001b[1m● \u001b[22m\u001b[1m(lv.3)날짜-포맷팅-하기.js 테스트 › Date 객체를 'YYYY년 MM월 DD일 HH시 mm분' 형태로 포맷해야 한다.\u001b[39m\u001b[22m\n\n    \u001b[2mexpect(\u001b[22m\u001b[31mreceived\u001b[39m\u001b[2m).\u001b[22mtoBe\u001b[2m(\u001b[22m\u001b[32mexpected\u001b[39m\u001b[2m) // Object.is equality\u001b[22m\n\n    Expected: \u001b[32m\"2021년 01월 01일 10시 01분\"\u001b[39m\n    Received: \u001b[31mundefined\u001b[39m\n\u001b[2m\u001b[22m\n\u001b[2m    \u001b[0m \u001b[90m  5 |\u001b[39m     \u001b[36mconst\u001b[39m testDate \u001b[33m=\u001b[39m \u001b[36mnew\u001b[39m \u001b[33mDate\u001b[39m(\u001b[32m\"2021-01-01T01:01:01.000Z\"\u001b[39m)\u001b[33m;\u001b[39m\u001b[22m\n\u001b[2m     \u001b[90m  6 |\u001b[39m     \u001b[36mconst\u001b[39m result \u001b[33m=\u001b[39m formatDate(testDate)\u001b[33m;\u001b[39m\u001b[22m\n\u001b[2m    \u001b[31m\u001b[1m>\u001b[22m\u001b[2m\u001b[39m\u001b[90m  7 |\u001b[39m     expect(result)\u001b[33m.\u001b[39mtoBe(\u001b[32m\"2021년 01월 01일 10시 01분\"\u001b[39m)\u001b[33m;\u001b[39m\u001b[22m\n\u001b[2m     \u001b[90m    |\u001b[39m                    \u001b[31m\u001b[1m^\u001b[22m\u001b[2m\u001b[39m\u001b[22m\n\u001b[2m     \u001b[90m  8 |\u001b[39m   })\u001b[33m;\u001b[39m\u001b[22m\n\u001b[2m     \u001b[90m  9 |\u001b[39m\u001b[22m\n\u001b[2m     \u001b[90m 10 |\u001b[39m   it(\u001b[32m\"한 자리 수 월, 일, 시, 분은 0을 붙여야 한다.\"\u001b[39m\u001b[33m,\u001b[39m () \u001b[33m=>\u001b[39m {\u001b[0m\u001b[22m\n\u001b[2m\u001b[22m\n\u001b[2m      \u001b[2mat Object.toBe (/Users/t2023-m0025/sparta/javascript-problem-bank/__test__do_not_edit/part2/05.응용/(lv.3)\u001b[22m\u001b[2m날짜-포맷팅-하기.test.js\u001b[2m:7:20)\u001b[22m\u001b[2m\u001b[22m\n\n\u001b[1m\u001b[31m  \u001b[1m● \u001b[22m\u001b[1m(lv.3)날짜-포맷팅-하기.js 테스트 › 한 자리 수 월, 일, 시, 분은 0을 붙여야 한다.\u001b[39m\u001b[22m\n\n    \u001b[2mexpect(\u001b[22m\u001b[31mreceived\u001b[39m\u001b[2m).\u001b[22mtoBe\u001b[2m(\u001b[22m\u001b[32mexpected\u001b[39m\u001b[2m) // Object.is equality\u001b[22m\n\n    Expected: \u001b[32m\"2021년 01월 01일 01시 05분\"\u001b[39m\n    Received: \u001b[31mundefined\u001b[39m\n\u001b[2m\u001b[22m\n\u001b[2m    \u001b[0m \u001b[90m 11 |\u001b[39m     \u001b[36mconst\u001b[39m date \u001b[33m=\u001b[39m \u001b[36mnew\u001b[39m \u001b[33mDate\u001b[39m(\u001b[35m2021\u001b[39m\u001b[33m,\u001b[39m \u001b[35m0\u001b[39m\u001b[33m,\u001b[39m \u001b[35m1\u001b[39m\u001b[33m,\u001b[39m \u001b[35m1\u001b[39m\u001b[33m,\u001b[39m \u001b[35m5\u001b[39m)\u001b[33m;\u001b[39m\u001b[22m\n\u001b[2m     \u001b[90m 12 |\u001b[39m     \u001b[36mconst\u001b[39m result \u001b[33m=\u001b[39m formatDate(date)\u001b[33m;\u001b[39m\u001b[22m\n\u001b[2m    \u001b[31m\u001b[1m>\u001b[22m\u001b[2m\u001b[39m\u001b[90m 13 |\u001b[39m     expect(result)\u001b[33m.\u001b[39mtoBe(\u001b[32m\"2021년 01월 01일 01시 05분\"\u001b[39m)\u001b[33m;\u001b[39m\u001b[22m\n\u001b[2m     \u001b[90m    |\u001b[39m                    \u001b[31m\u001b[1m^\u001b[22m\u001b[2m\u001b[39m\u001b[22m\n\u001b[2m     \u001b[90m 14 |\u001b[39m   })\u001b[33m;\u001b[39m\u001b[22m\n\u001b[2m     \u001b[90m 15 |\u001b[39m\u001b[22m\n\u001b[2m     \u001b[90m 16 |\u001b[39m   it(\u001b[32m\"연도, 월, 일, 시, 분이 모두 두 자리 이상인 경우에도 정상 작동해야 한다.\"\u001b[39m\u001b[33m,\u001b[39m () \u001b[33m=>\u001b[39m {\u001b[0m\u001b[22m\n\u001b[2m\u001b[22m\n\u001b[2m      \u001b[2mat Object.toBe (/Users/t2023-m0025/sparta/javascript-problem-bank/__test__do_not_edit/part2/05.응용/(lv.3)\u001b[22m\u001b[2m날짜-포맷팅-하기.test.js\u001b[2m:13:20)\u001b[22m\u001b[2m\u001b[22m\n\n\u001b[1m\u001b[31m  \u001b[1m● \u001b[22m\u001b[1m(lv.3)날짜-포맷팅-하기.js 테스트 › 연도, 월, 일, 시, 분이 모두 두 자리 이상인 경우에도 정상 작동해야 한다.\u001b[39m\u001b[22m\n\n    \u001b[2mexpect(\u001b[22m\u001b[31mreceived\u001b[39m\u001b[2m).\u001b[22mtoBe\u001b[2m(\u001b[22m\u001b[32mexpected\u001b[39m\u001b[2m) // Object.is equality\u001b[22m\n\n    Expected: \u001b[32m\"2021년 10월 12일 15시 45분\"\u001b[39m\n    Received: \u001b[31mundefined\u001b[39m\n\u001b[2m\u001b[22m\n\u001b[2m    \u001b[0m \u001b[90m 18 |\u001b[39m     \u001b[90m// → 2021-10-12 15:45 (로컬)\u001b[39m\u001b[22m\n\u001b[2m     \u001b[90m 19 |\u001b[39m     \u001b[36mconst\u001b[39m result \u001b[33m=\u001b[39m formatDate(date)\u001b[33m;\u001b[39m\u001b[22m\n\u001b[2m    \u001b[31m\u001b[1m>\u001b[22m\u001b[2m\u001b[39m\u001b[90m 20 |\u001b[39m     expect(result)\u001b[33m.\u001b[39mtoBe(\u001b[32m\"2021년 10월 12일 15시 45분\"\u001b[39m)\u001b[33m;\u001b[39m\u001b[22m\n\u001b[2m     \u001b[90m    |\u001b[39m                    \u001b[31m\u001b[1m^\u001b[22m\u001b[2m\u001b[39m\u001b[22m\n\u001b[2m     \u001b[90m 21 |\u001b[39m   })\u001b[33m;\u001b[39m\u001b[22m\n\u001b[2m     \u001b[90m 22 |\u001b[39m\u001b[22m\n\u001b[2m     \u001b[90m 23 |\u001b[39m   it(\u001b[32m\"월이 12월, 시가 23시(두 자리) 등 경계값도 테스트한다.\"\u001b[39m\u001b[33m,\u001b[39m () \u001b[33m=>\u001b[39m {\u001b[0m\u001b[22m\n\u001b[2m\u001b[22m\n\u001b[2m      \u001b[2mat Object.toBe (/Users/t2023-m0025/sparta/javascript-problem-bank/__test__do_not_edit/part2/05.응용/(lv.3)\u001b[22m\u001b[2m날짜-포맷팅-하기.test.js\u001b[2m:20:20)\u001b[22m\u001b[2m\u001b[22m\n\n\u001b[1m\u001b[31m  \u001b[1m● \u001b[22m\u001b[1m(lv.3)날짜-포맷팅-하기.js 테스트 › 월이 12월, 시가 23시(두 자리) 등 경계값도 테스트한다.\u001b[39m\u001b[22m\n\n    \u001b[2mexpect(\u001b[22m\u001b[31mreceived\u001b[39m\u001b[2m).\u001b[22mtoBe\u001b[2m(\u001b[22m\u001b[32mexpected\u001b[39m\u001b[2m) // Object.is equality\u001b[22m\n\n    Expected: \u001b[32m\"2021년 12월 25일 23시 59분\"\u001b[39m\n    Received: \u001b[31mundefined\u001b[39m\n\u001b[2m\u001b[22m\n\u001b[2m    \u001b[0m \u001b[90m 25 |\u001b[39m     \u001b[90m// → 2021-12-25 23:59 (로컬)\u001b[39m\u001b[22m\n\u001b[2m     \u001b[90m 26 |\u001b[39m     \u001b[36mconst\u001b[39m result \u001b[33m=\u001b[39m formatDate(date)\u001b[33m;\u001b[39m\u001b[22m\n\u001b[2m    \u001b[31m\u001b[1m>\u001b[22m\u001b[2m\u001b[39m\u001b[90m 27 |\u001b[39m     expect(result)\u001b[33m.\u001b[39mtoBe(\u001b[32m\"2021년 12월 25일 23시 59분\"\u001b[39m)\u001b[33m;\u001b[39m\u001b[22m\n\u001b[2m     \u001b[90m    |\u001b[39m                    \u001b[31m\u001b[1m^\u001b[22m\u001b[2m\u001b[39m\u001b[22m\n\u001b[2m     \u001b[90m 28 |\u001b[39m   })\u001b[33m;\u001b[39m\u001b[22m\n\u001b[2m     \u001b[90m 29 |\u001b[39m })\u001b[33m;\u001b[39m\u001b[22m\n\u001b[2m     \u001b[90m 30 |\u001b[39m\u001b[0m\u001b[22m\n\u001b[2m\u001b[22m\n\u001b[2m      \u001b[2mat Object.toBe (/Users/t2023-m0025/sparta/javascript-problem-bank/__test__do_not_edit/part2/05.응용/(lv.3)\u001b[22m\u001b[2m날짜-포맷팅-하기.test.js\u001b[2m:27:20)\u001b[22m\u001b[2m\u001b[22m\n","name":"/Users/t2023-m0025/sparta/javascript-problem-bank/__test__do_not_edit/part2/05.응용/(lv.3)날짜-포맷팅-하기.test.js","startTime":1737421076797,"status":"failed","summary":""},{"assertionResults":[{"ancestorTitles":["(lv.3)검색어-캐싱하기.js 테스트"],"duration":6,"failureDetails":[{"matcherResult":{"actual":[],"expected":["banana","apple","orange"],"message":"\u001b[2mexpect(\u001b[22m\u001b[31mreceived\u001b[39m\u001b[2m).\u001b[22mtoEqual\u001b[2m(\u001b[22m\u001b[32mexpected\u001b[39m\u001b[2m) // deep equality\u001b[22m\n\n\u001b[32m- Expected  - 5\u001b[39m\n\u001b[31m+ Received  + 1\u001b[39m\n\n\u001b[32m- Array [\u001b[39m\n\u001b[32m-   \"banana\",\u001b[39m\n\u001b[32m-   \"apple\",\u001b[39m\n\u001b[32m-   \"orange\",\u001b[39m\n\u001b[32m- ]\u001b[39m\n\u001b[31m+ Array []\u001b[39m","name":"toEqual","pass":false}}],"failureMessages":["Error: \u001b[2mexpect(\u001b[22m\u001b[31mreceived\u001b[39m\u001b[2m).\u001b[22mtoEqual\u001b[2m(\u001b[22m\u001b[32mexpected\u001b[39m\u001b[2m) // deep equality\u001b[22m\n\n\u001b[32m- Expected  - 5\u001b[39m\n\u001b[31m+ Received  + 1\u001b[39m\n\n\u001b[32m- Array [\u001b[39m\n\u001b[32m-   \"banana\",\u001b[39m\n\u001b[32m-   \"apple\",\u001b[39m\n\u001b[32m-   \"orange\",\u001b[39m\n\u001b[32m- ]\u001b[39m\n\u001b[31m+ Array []\u001b[39m\n    at Object.toEqual (/Users/t2023-m0025/sparta/javascript-problem-bank/__test__do_not_edit/part2/02.배열/(lv.3)검색어-캐싱하기.test.js:18:20)\n    at Promise.then.completed (/Users/t2023-m0025/sparta/javascript-problem-bank/node_modules/jest-circus/build/utils.js:298:28)\n    at new Promise (<anonymous>)\n    at callAsyncCircusFn (/Users/t2023-m0025/sparta/javascript-problem-bank/node_modules/jest-circus/build/utils.js:231:10)\n    at _callCircusTest (/Users/t2023-m0025/sparta/javascript-problem-bank/node_modules/jest-circus/build/run.js:316:40)\n    at _runTest (/Users/t2023-m0025/sparta/javascript-problem-bank/node_modules/jest-circus/build/run.js:252:3)\n    at _runTestsForDescribeBlock (/Users/t2023-m0025/sparta/javascript-problem-bank/node_modules/jest-circus/build/run.js:126:9)\n    at _runTestsForDescribeBlock (/Users/t2023-m0025/sparta/javascript-problem-bank/node_modules/jest-circus/build/run.js:121:9)\n    at run (/Users/t2023-m0025/sparta/javascript-problem-bank/node_modules/jest-circus/build/run.js:71:3)\n    at runAndTransformResultsToJestFormat (/Users/t2023-m0025/sparta/javascript-problem-bank/node_modules/jest-circus/build/legacy-code-todo-rewrite/jestAdapterInit.js:122:21)\n    at jestAdapter (/Users/t2023-m0025/sparta/javascript-problem-bank/node_modules/jest-circus/build/legacy-code-todo-rewrite/jestAdapter.js:79:19)\n    at runTestInternal (/Users/t2023-m0025/sparta/javascript-problem-bank/node_modules/jest-runner/build/runTest.js:367:16)\n    at runTest (/Users/t2023-m0025/sparta/javascript-problem-bank/node_modules/jest-runner/build/runTest.js:444:34)\n    at Object.worker (/Users/t2023-m0025/sparta/javascript-problem-bank/node_modules/jest-runner/build/testWorker.js:106:12)"],"fullName":"(lv.3)검색어-캐싱하기.js 테스트 많이 검색된 순으로 상위 10개 키워드를 캐싱해야 한다.","invocations":1,"location":null,"numPassingAsserts":0,"retryReasons":[],"status":"failed","title":"많이 검색된 순으로 상위 10개 키워드를 캐싱해야 한다."},{"ancestorTitles":["(lv.3)검색어-캐싱하기.js 테스트"],"duration":9,"failureDetails":[{"matcherResult":{"actual":[],"expected":["coffee","juice"],"message":"\u001b[2mexpect(\u001b[22m\u001b[31mreceived\u001b[39m\u001b[2m).\u001b[22mtoEqual\u001b[2m(\u001b[22m\u001b[32mexpected\u001b[39m\u001b[2m) // deep equality\u001b[22m\n\n\u001b[32m- Expected  - 4\u001b[39m\n\u001b[31m+ Received  + 1\u001b[39m\n\n\u001b[32m- Array [\u001b[39m\n\u001b[32m-   \"coffee\",\u001b[39m\n\u001b[32m-   \"juice\",\u001b[39m\n\u001b[32m- ]\u001b[39m\n\u001b[31m+ Array []\u001b[39m","name":"toEqual","pass":false}}],"failureMessages":["Error: \u001b[2mexpect(\u001b[22m\u001b[31mreceived\u001b[39m\u001b[2m).\u001b[22mtoEqual\u001b[2m(\u001b[22m\u001b[32mexpected\u001b[39m\u001b[2m) // deep equality\u001b[22m\n\n\u001b[32m- Expected  - 4\u001b[39m\n\u001b[31m+ Received  + 1\u001b[39m\n\n\u001b[32m- Array [\u001b[39m\n\u001b[32m-   \"coffee\",\u001b[39m\n\u001b[32m-   \"juice\",\u001b[39m\n\u001b[32m- ]\u001b[39m\n\u001b[31m+ Array []\u001b[39m\n    at Object.toEqual (/Users/t2023-m0025/sparta/javascript-problem-bank/__test__do_not_edit/part2/02.배열/(lv.3)검색어-캐싱하기.test.js:25:20)\n    at Promise.then.completed (/Users/t2023-m0025/sparta/javascript-problem-bank/node_modules/jest-circus/build/utils.js:298:28)\n    at new Promise (<anonymous>)\n    at callAsyncCircusFn (/Users/t2023-m0025/sparta/javascript-problem-bank/node_modules/jest-circus/build/utils.js:231:10)\n    at _callCircusTest (/Users/t2023-m0025/sparta/javascript-problem-bank/node_modules/jest-circus/build/run.js:316:40)\n    at _runTest (/Users/t2023-m0025/sparta/javascript-problem-bank/node_modules/jest-circus/build/run.js:252:3)\n    at _runTestsForDescribeBlock (/Users/t2023-m0025/sparta/javascript-problem-bank/node_modules/jest-circus/build/run.js:126:9)\n    at _runTestsForDescribeBlock (/Users/t2023-m0025/sparta/javascript-problem-bank/node_modules/jest-circus/build/run.js:121:9)\n    at run (/Users/t2023-m0025/sparta/javascript-problem-bank/node_modules/jest-circus/build/run.js:71:3)\n    at runAndTransformResultsToJestFormat (/Users/t2023-m0025/sparta/javascript-problem-bank/node_modules/jest-circus/build/legacy-code-todo-rewrite/jestAdapterInit.js:122:21)\n    at jestAdapter (/Users/t2023-m0025/sparta/javascript-problem-bank/node_modules/jest-circus/build/legacy-code-todo-rewrite/jestAdapter.js:79:19)\n    at runTestInternal (/Users/t2023-m0025/sparta/javascript-problem-bank/node_modules/jest-runner/build/runTest.js:367:16)\n    at runTest (/Users/t2023-m0025/sparta/javascript-problem-bank/node_modules/jest-runner/build/runTest.js:444:34)\n    at Object.worker (/Users/t2023-m0025/sparta/javascript-problem-bank/node_modules/jest-runner/build/testWorker.js:106:12)"],"fullName":"(lv.3)검색어-캐싱하기.js 테스트 중복된 키워드는 한 번만 저장되어야 한다.","invocations":1,"location":null,"numPassingAsserts":
[...]
],"failureMessages":[],"fullName":"(lv.2)배열-중복-제거.js 테스트 빈 배열을 입력하면 빈 배열을 반환해야 한다.","invocations":1,"location":null,"numPassingAsserts":1,"retryReasons":[],"status":"passed","title":"빈 배열을 입력하면 빈 배열을 반환해야 한다."},{"ancestorTitles":["(lv.2)배열-중복-제거.js 테스트"],"duration":1,"failureDetails":[],"failureMessages":[],"fullName":"(lv.2)배열-중복-제거.js 테스트 하나의 요소만 있는 배열은 그대로 반환해야 한다.","invocations":1,"location":null,"numPassingAsserts":1,"retryReasons":[],"status":"passed","title":"하나의 요소만 있는 배열은 그대로 반환해야 한다."},{"ancestorTitles":["(lv.2)배열-중복-제거.js 테스트"],"duration":1,"failureDetails":[],"failureMessages":[],"fullName":"(lv.2)배열-중복-제거.js 테스트 모든 요소가 같은 경우, 길이가 1인 배열이 되어야 한다.","invocations":1,"location":null,"numPassingAsserts":1,"retryReasons":[],"status":"passed","title":"모든 요소가 같은 경우, 길이가 1인 배열이 되어야 한다."}],"endTime":1737421079063,"message":"","name":"/Users/t2023-m0025/sparta/javascript-problem-bank/__test__do_not_edit/part1/06.배열/(lv.2)배열-중복-제거.test.js","startTime":1737421078962,"status":"passed","summary":""},{"assertionResults":[{"ancestorTitles":["(lv.1)[2]메서드-만들기.js 테스트"],"duration":1,"failureDetails":[],"failureMessages":[],"fullName":"(lv.1)[2]메서드-만들기.js 테스트 person.introduce()를 호출하면 '안녕하세요, 저는 철수이고 25살입니다.'를 반환해야 합니다.","invocations":1,"location":null,"numPassingAsserts":1,"retryReasons":[],"status":"passed","title":"person.introduce()를 호출하면 '안녕하세요, 저는 철수이고 25살입니다.'를 반환해야 합니다."}],"endTime":1737421079067,"message":"","name":"/Users/t2023-m0025/sparta/javascript-problem-bank/__test__do_not_edit/part1/05.객체/(lv.1)[2]메서드-만들기.test.js","startTime":1737421078989,"status":"passed","summary":""},{"assertionResults":[{"ancestorTitles":["(lv.2)배열-메서드-forEach.js 테스트"],"duration":1,"failureDetails":[],"failureMessages":[],"fullName":"(lv.2)배열-메서드-forEach.js 테스트 빈 배열을 전달하면 0을 반환해야 한다.","invocations":1,"location":null,"numPassingAsserts":1,"retryReasons":[],"status":"passed","title":"빈 배열을 전달하면 0을 반환해야 한다."},{"ancestorTitles":["(lv.2)배열-메서드-forEach.js 테스트"],"duration":0,"failureDetails":[],"failureMessages":[],"fullName":"(lv.2)배열-메서드-forEach.js 테스트 [1, 2, 3]을 전달하면 6을 반환해야 한다.","invocations":1,"location":null,"numPassingAsserts":1,"retryReasons":[],"status":"passed","title":"[1, 2, 3]을 전달하면 6을 반환해야 한다."},{"ancestorTitles":["(lv.2)배열-메서드-forEach.js 테스트"],"duration":0,"failureDetails":[],"failureMessages":[],"fullName":"(lv.2)배열-메서드-forEach.js 테스트 [10, -5, 15]을 전달하면 20을 반환해야 한다.","invocations":1,"location":null,"numPassingAsserts":1,"retryReasons":[],"status":"passed","title":"[10, -5, 15]을 전달하면 20을 반환해야 한다."},{"ancestorTitles":["(lv.2)배열-메서드-forEach.js 테스트"],"duration":0,"failureDetails":[],"failureMessages":[],"fullName":"(lv.2)배열-메서드-forEach.js 테스트 [100]을 전달하면 100을 반환해야 한다.","invocations":1,"location":null,"numPassingAsserts":1,"retryReasons":[],"status":"passed","title":"[100]을 전달하면 100을 반환해야 한다."},{"ancestorTitles":["(lv.2)배열-메서드-forEach.js 테스트"],"duration":1,"failureDetails":[],"failureMessages":[],"fullName":"(lv.2)배열-메서드-forEach.js 테스트 forEach 메서드를 사용하여 구현해야 한다.","invocations":1,"location":null,"numPassingAsserts":1,"retryReasons":[],"status":"passed","title":"forEach 메서드를 사용하여 구현해야 한다."}],"endTime":1737421079079,"message":"","name":"/Users/t2023-m0025/sparta/javascript-problem-bank/__test__do_not_edit/part1/06.배열/(lv.2)배열-메서드-forEach.test.js","startTime":1737421078975,"status":"passed","summary":""},{"assertionResults":[{"ancestorTitles":["01.변수-이름규칙.js 테스트"],"duration":1,"failureDetails":[],"failureMessages":[],"fullName":"01.변수-이름규칙.js 테스트 잘못된 변수 이름은 모듈에서 찾을 수 없어야 합니다.","invocations":1,"location":null,"numPassingAsserts":2,"retryReasons":[],"status":"passed","title":"잘못된 변수 이름은 모듈에서 찾을 수 없어야 합니다."},{"ancestorTitles":["01.변수-이름규칙.js 테스트"],"duration":0,"failureDetails":[],"failureMessages":[],"fullName":"01.변수-이름규칙.js 테스트 유효한 변수 이름은 모듈에서 존재해야 합니다.","invocations":1,"location":null,"numPassingAsserts":0,"retryReasons":[],"status":"passed","title":"유효한 변수 이름은 모듈에서 존재해야 합니다."}],"endTime":1737421079110,"message":"","name":"/Users/t2023-m0025/sparta/javascript-problem-bank/__test__do_not_edit/part1/01.변수/(lv.1)[1]변수-이름규칙.test.js","startTime":1737421079036,"status":"passed","summary":""},{"assertionResults":[{"ancestorTitles":["delay 함수"],"duration":3,"failureDetails":[],"failureMessages":[],"fullName":"delay 함수 지정된 시간(ms) 후에 \"done\"을 resolve해야 합니다.","invocations":1,"location":null,"numPassingAsserts":1,"retryReasons":[],"status":"passed","title":"지정된 시간(ms) 후에 \"done\"을 resolve해야 합니다."},{"ancestorTitles":["delay 함수"],"duration":1,"failureDetails":[],"failureMessages":[],"fullName":"delay 함수 비동기로 동작해야 합니다.","invocations":1,"location":null,"numPassingAsserts":2,"retryReasons":[],"status":"passed","title":"비동기로 동작해야 합니다."},{"ancestorTitles":["delay 함수"],"duration":0,"failureDetails":[],"failureMessages":[],"fullName":"delay 함수 0ms를 전달하면 즉시 \"done\"을 resolve해야 합니다.","invocations":1,"location":null,"numPassingAsserts":1,"retryReasons":[],"status":"passed","title":"0ms를 전달하면 즉시 \"done\"을 resolve해야 합니다."},{"ancestorTitles":["delay 함수"],"duration":0,"failureDetails":[],"failureMessages":[],"fullName":"delay 함수 음수 시간도 결국 \"done\"을 resolve해야 합니다.","invocations":1,"location":null,"numPassingAsserts":1,"retryReasons":[],"status":"passed","title":"음수 시간도 결국 \"done\"을 resolve해야 합니다."},{"ancestorTitles":["delay 함수"],"duration":1,"failureDetails":[],"failureMessages":[],"fullName":"delay 함수 여러 번 호출해도 각각 \"done\"을 resolve해야 합니다.","invocations":1,"location":null,"numPassingAsserts":2,"retryReasons":[],"status":"passed","title":"여러 번 호출해도 각각 \"done\"을 resolve해야 합니다."}],"endTime":1737421079134,"message":"","name":"/Users/t2023-m0025/sparta/javascript-problem-bank/__test__do_not_edit/part1/10.비동기/(lv.2)delay.test.js","startTime":1737421079043,"status":"passed","summary":""},{"assertionResults":[{"ancestorTitles":["(lv.3)장바구니-독립-문제.js 테스트"],"duration":1,"failureDetails":[],"failureMessages":[],"fullName":"(lv.3)장바구니-독립-문제.js 테스트 userACart와 userBCart는 독립적으로 존재해야 한다.","invocations":1,"location":null,"numPassingAsserts":1,"retryReasons":[],"status":"passed","title":"userACart와 userBCart는 독립적으로 존재해야 한다."},{"ancestorTitles":["(lv.3)장바구니-독립-문제.js 테스트"],"duration":0,"failureDetails":[],"failureMessages":[],"fullName":"(lv.3)장바구니-독립-문제.js 테스트 userBCart에 쿠폰이 적용되면 userACart는 영향을 받지 않아야 한다.","invocations":1,"location":null,"numPassingAsserts":2,"retryReasons":[],"status":"passed","title":"userBCart에 쿠폰이 적용되면 userACart는 영향을 받지 않아야 한다."},{"ancestorTitles":["(lv.3)장바구니-독립-문제.js 테스트"],"duration":0,"failureDetails":[],"failureMessages":[],"fullName":"(lv.3)장바구니-독립-문제.js 테스트 userACart는 원본 가격을 유지해야 한다.","invocations":1,"location":null,"numPassingAsserts":2,"retryReasons":[],"status":"passed","title":"userACart는 원본 가격을 유지해야 한다."},{"ancestorTitles":["(lv.3)장바구니-독립-문제.js 테스트"],"duration":1,"failureDetails":[],"failureMessages":[],"fullName":"(lv.3)장바구니-독립-문제.js 테스트 userBCart 아이템 가격은 각각 5000원씩 할인되어야 한다.","invocations":1,"location":null,"numPassingAsserts":2,"retryReasons":[],"status":"passed","title":"userBCart 아이템 가격은 각각 5000원씩 할인되어야 한다."}],"endTime":1737421079144,"message":"","name":"/Users/t2023-m0025/sparta/javascript-problem-bank/__test__do_not_edit/part2/01.객체/(lv.3)장바구니-독립-문제.test.js","startTime":1737421079048,"status":"passed","summary":""},{"assertionResults":[{"ancestorTitles":["(lv.2)[3]함수의-사용-응용.js 테스트"],"duration":1,"failureDetails":[],"failureMessages":[],"fullName":"(lv.2)[3]함수의-사용-응용.js 테스트 total은 3000이어야 한다.","invocations":1,"location":null,"numPassingAsserts":1,"retryReasons":[],"status":"passed","title":"total은 3000이어야 한다."},{"ancestorTitles":["(lv.2)[3]함수의-사용-응용.js 테스트"],"duration":0,"failureDetails":[],"failureMessages":[],"fullName":"(lv.2)[3]함수의-사용-응용.js 테스트 canDriveResult는 true여야 한다.","invocations":1,"location":null,"numPassingAsserts":1,"retryReasons":[],"status":"passed","title":"canDriveResult는 true여야 한다."},{"ancestorTitles":["(lv.2)[3]함수의-사용-응용.js 테스트"],"duration":0,"failureDetails":[],"failureMessages":[],"fullName":"(lv.2)[3]함수의-사용-응용.js 테스트 adultResult는 'minor'여야 한다.","invocations":1,"location":null,"numPassingAsserts":1,"retryReasons":[],"status":"passed","title":"adultResult는 'minor'여야 한다."}],"endTime":1737421079175,"message":"","name":"/Users/t2023-m0025/sparta/javascript-problem-bank/__test__do_not_edit/part1/03.함수/(lv.2)[3]함수의-사용-응용.test.js","startTime":1737421079046,"status":"passed","summary":""},{"assertionResults":[{"ancestorTitles":["(lv.1)[2]콜백-함수-실행.js 테스트"],"duration":2,"failureDetails":[],"failureMessages":[],"fullName":"(lv.1)[2]콜백-함수-실행.js 테스트 콜백 함수를 실행하여 2배가 된 결과를 반환해야 한다.","invocations":1,"location":null,"numPassingAsserts":2,"retryReasons":[],"status":"passed","title":"콜백 함수를 실행하여 2배가 된 결과를 반환해야 한다."},{"ancestorTitles":["(lv.1)[2]콜백-함수-실행.js 테스트"],"duration":0,"failureDetails":[],"failureMessages":[],"fullName":"(lv.1)[2]콜백-함수-실행.js 테스트 콜백 함수가 다른 연산을 수행해도 해당 결과를 반환해야 한다.","invocations":1,"location":null,"numPassingAsserts":1,"retryReasons":[],"status":"passed","title":"콜백 함수가 다른 연산을 수행해도 해당 결과를 반환해야 한다."}],"endTime":1737421079177,"message":"","name":"/Users/t2023-m0025/sparta/javascript-problem-bank/__test__do_not_edit/part1/09.콜백함수/(lv.1)콜백-함수-실행.test.js","startTime":1737421079081,"status":"passed","summary":""},{"assertionResults":[{"ancestorTitles":["(lv.1)[2]비동기-함수-사용하기.js 테스트"],"duration":1,"failureDetails":[],"failureMessages":[],"fullName":"(lv.1)[2]비동기-함수-사용하기.js 테스트 fetchUsers로부터 받은 사용자 이름만 담긴 배열을 반환해야 한다.","invocations":1,"location":null,"numPassingAsserts":1,"retryReasons":[],"status":"passed","title":"fetchUsers로부터 받은 사용자 이름만 담긴 배열을 반환해야 한다."},{"ancestorTitles":["(lv.1)[2]비동기-함수-사용하기.js 테스트"],"duration":0,"failureDetails":[],"failureMessages":[],"fullName":"(lv.1)[2]비동기-함수-사용하기.js 테스트 빈 배열을 반환할 수도 있어야 한다.","invocations":1,"location":null,"numPassingAsserts":1,"retryReasons":[],"status":"passed","title":"빈 배열을 반환할 수도 있어야 한다."},{"ancestorTitles":["(lv.1)[2]비동기-함수-사용하기.js 테스트"],"duration":0,"failureDetails":[],"failureMessages":[],"fullName":"(lv.1)[2]비동기-함수-사용하기.js 테스트 반환된 배열의 모든 요소는 문자열이어야 한다.","invocations":1,"location":null,"numPassingAsserts":2,"retryReasons":[],"status":"passed","title":"반환된 배열의 모든 요소는 문자열이어야 한다."}],"endTime":1737421079179,"message":"","name":"/Users/t2023-m0025/sparta/javascript-problem-bank/__test__do_not_edit/part1/10.비동기/(lv.2)비동기-함수-사용하기.test.js","startTime":1737421079069,"status":"passed","summary":""},{"assertionResults":[{"ancestorTitles":["(lv.3)객체-우선순위-병합.js 테스트"],"duration":1,"failureDetails":[],"failureMessages":[],"fullName":"(lv.3)객체-우선순위-병합.js 테스트 빈 객체만 주어지면 빈 객체를 반환해야 한다.","invocations":1,"location":null,"numPassingAsserts":1,"retryReasons":[],"status":"passed","title":"빈 객체만 주어지면 빈 객체를 반환해야 한다."},{"ancestorTitles":["(lv.3)객체-우선순위-병합.js 테스트"],"duration":0,"failureDetails":[],"failureMessages":[],"fullName":"(lv.3)객체-우선순위-병합.js 테스트 객체 하나만 주어지면 동일한 객체 내용을 가진 새 객체를 반환해야 한다.","invocations":1,"location":null,"numPassingAsserts":2,"retryReasons":[],"status":"passed","title":"객체 하나만 주어지면 동일한 객체 내용을 가진 새 객체를 반환해야 한다."},{"ancestorTitles":["(lv.3)객체-우선순위-병합.js 테스트"],"duration":0,"failureDetails":[],"failureMessages":[],"fullName":"(lv.3)객체-우선순위-병합.js 테스트 두 개 이상의 객체에서 중복된 키가 있으면, 뒤쪽 객체의 값이 우선한다.","invocations":1,"location":null,"numPassingAsserts":1,"retryReasons":[],"status":"passed","title":"두 개 이상의 객체에서 중복된 키가 있으면, 뒤쪽 객체의 값이 우선한다."},{"ancestorTitles":["(lv.3)객체-우선순위-병합.js 테스트"],"duration":1,"failureDetails":[],"failureMessages":[],"fullName":"(lv.3)객체-우선순위-병합.js 테스트 원본 객체들은 변경되지 않아야 한다.","invocations":1,"location":null,"numPassingAsserts":3,"retryReasons":[],"status":"passed","title":"원본 객체들은 변경되지 않아야 한다."},{"ancestorTitles":["(lv.3)객체-우선순위-병합.js 테스트"],"duration":0,"failureDetails":[],"failureMessages":[],"fullName":"(lv.3)객체-우선순위-병합.js 테스트 얕은 복사만 수행하므로, 중첩된 객체는 참조가 그대로 복사된다.","invocations":1,"location":null,"numPassingAsserts":3,"retryReasons":[],"status":"passed","title":"얕은 복사만 수행하므로, 중첩된 객체는 참조가 그대로 복사된다."}],"endTime":1737421079195,"message":"","name":"/Users/t2023-m0025/sparta/javascript-problem-bank/__test__do_not_edit/part2/01.객체/(lv.3)객체-합치기.test.js","startTime":1737421079066,"status":"passed","summary":""},{"assertionResults":[{"ancestorTitles":["(lv.2)Promise-체이닝-catch.js 테스트"],"duration":4,"failureDetails":[],"failureMessages":[],"fullName":"(lv.2)Promise-체이닝-catch.js 테스트 primary가 성공하면 primary의 결과를 반환해야 한다.","invocations":1,"location":null,"numPassingAsserts":3,"retryReasons":[],"status":"passed","title":"primary가 성공하면 primary의 결과를 반환해야 한다."},{"ancestorTitles":["(lv.2)Promise-체이닝-catch.js 테스트"],"duration":2,"failureDetails":[],"failureMessages":[],"fullName":"(lv.2)Promise-체이닝-catch.js 테스트 primary가 실패하면 fallback을 호출하고, 그 결과를 반환해야 한다.","invocations":1,"location":null,"numPassingAsserts":3,"retryReasons":[],"status":"passed","title":"primary가 실패하면 fallback을 호출하고, 그 결과를 반환해야 한다."},{"ancestorTitles":["(lv.2)Promise-체이닝-catch.js 테스트"],"duration":6,"failureDetails":[],"failureMessages":[],"fullName":"(lv.2)Promise-체이닝-catch.js 테스트 primary와 fallback 둘 다 실패하면 해당 에러를 던져야 한다.","invocations":1,"location":null,"numPassingAsserts":3,"retryReasons":[],"status":"passed","title":"primary와 fallback 둘 다 실패하면 해당 에러를 던져야 한다."}],"endTime":1737421079212,"message":"","name":"/Users/t2023-m0025/sparta/javascript-problem-bank/__test__do_not_edit/part1/10.비동기/(lv.2)Promise-체이닝-catch.test.js","startTime":1737421079113,"status":"passed","summary":""},{"assertionResults":[{"ancestorTitles":["(lv.1)[2]Promise-객체-만들기.js 테스트"],"duration":14,"failureDetails":[],"failureMessages":[],"fullName":"(lv.1)[2]Promise-객체-만들기.js 테스트 resolvePromise는 'Hello'를 resolve해야 한다.","invocations":1,"location":null,"numPassingAsserts":1,"retryReasons":[],"status":"passed","title":"resolvePromise는 'Hello'를 resolve해야 한다."},{"ancestorTitles":["(lv.1)[2]Promise-객체-만들기.js 테스트"],"duration":1,"failureDetails":[],"failureMessages":[],"fullName":"(lv.1)[2]Promise-객체-만들기.js 테스트 rejectPromise는 'Error!'를 reject해야 한다.","invocations":1,"location":null,"numPassingAsserts":1,"retryReasons":[],"status":"passed","title":"rejectPromise는 'Error!'를 reject해야 한다."},{"ancestorTitles":["(lv.1)[2]Promise-객체-만들기.js 테스트"],"duration":1,"failureDetails":[],"failureMessages":[],"fullName":"(lv.1)[2]Promise-객체-만들기.js 테스트 resolvePromise와 rejectPromise는 각각 Promise 객체여야 한다.","invocations":1,"location":null,"numPassingAsserts":2,"retryReasons":[],"status":"passed","title":"resolvePromise와 rejectPromise는 각각 Promise 객체여야 한다."}],"endTime":1737421079247,"message":"","name":"/Users/t2023-m0025/sparta/javascript-problem-bank/__test__do_not_edit/part1/10.비동기/(lv.1)Promise-객체-만들기.test.js","startTime":1737421079137,"status":"passed","summary":""},{"assertionResults":[{"ancestorTitles":["(lv.1)[2]나머지-연산자.js 테스트"],"duration":2,"failureDetails":[],"failureMessages":[],"fullName":"(lv.1)[2]나머지-연산자.js 테스트 remainder 변수는 2이어야 합니다.","invocations":1,"location":null,"numPassingAsserts":1,"retryReasons":[],"status":"passed","title":"remainder 변수는 2이어야 합니다."},{"ancestorTitles":["(lv.1)[2]나머지-연산자.js 테스트"],"duration":1,"failureDetails":[],"failureMessages":[],"fullName":"(lv.1)[2]나머지-연산자.js 테스트 remainder 변수는 number 타입이어야 합니다.","invocations":1,"location":null,"numPassingAsserts":1,"retryReasons":[],"status":"passed","title":"remainder 변수는 number 타입이어야 합니다."}],"endTime":1737421079255,"message":"","name":"/Users/t2023-m0025/sparta/javascript-problem-bank/__test__do_not_edit/part1/02.연산자/(lv.1)나머지-연산자.test.js","startTime":1737421079153,"status":"passed","summary":""},{"assertionResults":[{"ancestorTitles":["(lv.1)[1]객체-선언하기.js 테스트"],"duration":2,"failureDetails":[],"failureMessages":[],"fullName":"(lv.1)[1]객체-선언하기.js 테스트 person 객체의 name 프로퍼티는 \"Alice\"여야 한다.","invocations":1,"location":null,"numPassingAsserts":1,"retryReasons":[],"status":"passed","title":"person 객체의 name 프로퍼티는 \"Alice\"여야 한다."},{"ancestorTitles":["(lv.1)[1]객체-선언하기.js 테스트"],"duration":0,"failureDetails":[],"failureMessages":[],"fullName":"(lv.1)[1]객체-선언하기.js 테스트 person 객체의 age 프로퍼티는 25여야 한다.","invocations":1,"location":null,"numPassingAsserts":1,"retryReasons":[],"status":"passed","title":"person 객체의 age 프로퍼티는 25여야 한다."},{"ancestorTitles":["(lv.1)[1]객체-선언하기.js 테스트"],"duration":1,"failureDetails":[],"failureMessages":[],"fullName":"(lv.1)[1]객체-선언하기.js 테스트 person 객체는 name, age 프로퍼티를 모두 가져야 한다.","invocations":1,"location":null,"numPassingAsserts":2,"retryReasons":[],"status":"passed","title":"person 객체는 name, age 프로퍼티를 모두 가져야 한다."}],"endTime":1737421079266,"message":"","name":"/Users/t2023-m0025/sparta/javascript-problem-bank/__test__do_not_edit/part1/05.객체/(lv.1)[1]객체-선언하기.test.js","startTime":1737421079181,"status":"passed","summary":""},{"assertionResults":[{"ancestorTitles":["(lv.1)Promise-체이닝-then.js 테스트"],"duration":3,"failureDetails":[],"failureMessages":[],"fullName":"(lv.1)Promise-체이닝-then.js 테스트 getValueThenDouble 함수는 Promise 객체를 반환해야 한다.","invocations":1,"location":null,"numPassingAsserts":1,"retryReasons":[],"status":"passed","title":"getValueThenDouble 함수는 Promise 객체를 반환해야 한다."},{"ancestorTitles":["(lv.1)Promise-체이닝-then.js 테스트"],"duration":0,"failureDetails":[],"failureMessages":[],"fullName":"(lv.1)Promise-체이닝-then.js 테스트 resolve된 값이 2배가 되어야 한다.","invocations":1,"location":null,"numPassingAsserts":1,"retryReasons":[],"status":"passed","title":"resolve된 값이 2배가 되어야 한다."}],"endTime":1737421079274,"message":"","name":"/Users/t2023-m0025/sparta/javascript-problem-bank/__test__do_not_edit/part1/10.비동기/(lv.1)Promise-체이닝-then.test.js","startTime":1737421079182,"status":"passed","summary":""},{"assertionResults":[{"ancestorTitles":["(lv.1)[2]문자열-변수사용.js 테스트"],"duration":1,"failureDetails":[],"failureMessages":[],"fullName":"(lv.1)[2]문자열-변수사용.js 테스트 greeting 변수는 문자열 타입이어야 합니다.","invocations":1,"location":null,"numPassingAsserts":1,"retryReasons":[],"status":"passed","title":"greeting 변수는 문자열 타입이어야 합니다."},{"ancestorTitles":["(lv.1)[2]문자열-변수사용.js 테스트"],"duration":0,"failureDetails":[],"failureMessages":[],"fullName":"(lv.1)[2]문자열-변수사용.js 테스트 greeting 변수는 '안녕하세요, 철수님!'과 같아야 합니다.","invocations":1,"location":null,"numPassingAsserts":1,"retryReasons":[],"status":"passed","title":"greeting 변수는 '안녕하세요, 철수님!'과 같아야 합니다."}],"endTime":1737421079282,"message":"","name":"/Users/t2023-m0025/sparta/javascript-problem-bank/__test__do_not_edit/part1/01.변수/(lv.1)[2]문자열-변수사용.test.js","startTime":1737421079179,"status":"passed","summary":""},{"assertionResults":[{"ancestorTitles":["(lv.1)[1]배열-선언하기.js 테스트"],"duration":1,"failureDetails":[],"failureMessages":[],"fullName":"(lv.1)[1]배열-선언하기.js 테스트 array 변수는 [1, 2, 3] 이어야 한다.","invocations":1,"location":null,"numPassingAsserts":1,"retryReasons":[],"status":"passed","title":"array 변수는 [1, 2, 3] 이어야 한다."},{"ancestorTitles":["(lv.1)[1]배열-선언하기.js 테스트"],"duration":0,"failureDetails":[],"failureMessages":[],"fullName":"(lv.1)[1]배열-선언하기.js 테스트 array의 길이는 3이어야 한다.","invocations":1,"location":null,"numPassingAsserts":1,"retryReasons":[],"status":"passed","title":"array의 길이는 3이어야 한다."}],"endTime":1737421079293,"message":"","name":"/Users/t2023-m0025/sparta/javascript-problem-bank/__test__do_not_edit/part1/06.배열/(lv.1)[1]배열-선언하기.test.js","startTime":1737421079204,"status":"passed","summary":""},{"assertionResults":[{"ancestorTitles":["(lv.1)[2]기본값이-있는-함수.js 테스트"],"duration":1,"failureDetails":[],"failureMessages":[],"fullName":"(lv.1)[2]기본값이-있는-함수.js 테스트 나이 파라미터가 없으면 '안녕하세요! 저는 홍길동, 나이는 비공개입니다.' 를 반환해야 합니다.","invocations":1,"location":null,"numPassingAsserts":1,"retryReasons":[],"status":"passed","title":"나이 파라미터가 없으면 '안녕하세요! 저는 홍길동, 나이는 비공개입니다.' 를 반환해야 합니다."},{"ancestorTitles":["(lv.1)[2]기본값이-있는-함수.js 테스트"],"duration":0,"failureDetails":[],"failureMessages":[],"fullName":"(lv.1)[2]기본값이-있는-함수.js 테스트 나이 파라미터가 있으면 해당 나이를 포함한 문구를 반환해야 합니다.","invocations":1,"location":null,"numPassingAsserts":1,"retryReasons":[],"status":"passed","title":"나이 파라미터가 있으면 해당 나이를 포함한 문구를 반환해야 합니다."}],"endTime":1737421079311,"message":"","name":"/Users/t2023-m0025/sparta/javascript-problem-bank/__test__do_not_edit/part1/03.함수/(lv.1)[2]기본값이-있는-함수.test.js","startTime":1737421079225,"status":"passed","summary":""}],"wasInterrupted":false}
